SF:/Users/timothyzakian/sui/main/external-crates/move/crates/move-stdlib/sources/address.move
FNF:1
FNH:0
LF:2
LH:0
BRF:0
BRH:0
FN:11,length
end_of_record
SF:/Users/timothyzakian/sui/main/external-crates/move/crates/move-stdlib/sources/ascii.move
FNF:21
FNH:0
LF:81
LH:0
BRF:88
BRH:0
FN:56,all_characters_printable
FN:76,append
FN:95,as_bytes
FN:106,byte
FN:32,char
FN:164,char_to_lowercase
FN:158,char_to_uppercase
FN:144,index_of
FN:81,insert
FN:100,into_bytes
FN:125,is_empty
FN:119,is_printable_char
FN:113,is_valid_char
FN:71,length
FN:66,pop_char
FN:61,push_char
FN:39,string
FN:87,substring
FN:136,to_lowercase
FN:130,to_uppercase
FN:48,try_string
BRDA:32,0,3,-
BRDA:32,0,4,-
BRDA:32,1,6,-
BRDA:39,4,6,-
BRDA:39,4,7,-
BRDA:40,5,9,-
BRDA:48,8,9,-
BRDA:90,9,13,-
BRDA:90,9,32,-
BRDA:91,10,22,-
BRDA:91,10,27,-
BRDA:289,11,36,-
BRDA:92,12,9,-
BRDA:112,13,36,-
BRDA:288,14,38,-
BRDA:288,14,43,-
BRDA:49,15,45,-
BRDA:50,16,45,-
BRDA:56,18,10,-
BRDA:90,19,14,-
BRDA:90,19,33,-
BRDA:91,20,23,-
BRDA:91,20,28,-
BRDA:289,21,37,-
BRDA:92,22,10,-
BRDA:112,23,37,-
BRDA:81,29,6,-
BRDA:81,29,7,-
BRDA:81,30,11,-
BRDA:82,32,21,-
BRDA:90,33,25,-
BRDA:90,33,40,-
BRDA:91,34,21,-
BRDA:87,36,4,-
BRDA:87,36,10,-
BRDA:87,37,12,-
BRDA:87,38,12,-
BRDA:87,39,14,-
BRDA:87,39,15,-
BRDA:87,40,19,-
BRDA:88,42,25,-
BRDA:90,43,29,-
BRDA:90,43,43,-
BRDA:91,44,25,-
BRDA:119,50,4,-
BRDA:119,50,9,-
BRDA:120,51,11,-
BRDA:119,52,11,-
BRDA:130,55,14,-
BRDA:90,56,18,-
BRDA:90,56,38,-
BRDA:91,57,14,-
BRDA:136,59,14,-
BRDA:90,60,18,-
BRDA:90,60,38,-
BRDA:91,61,14,-
BRDA:144,63,12,-
BRDA:144,63,18,-
BRDA:147,65,24,-
BRDA:147,65,71,-
BRDA:148,66,26,-
BRDA:149,67,30,-
BRDA:149,67,46,-
BRDA:149,68,31,-
BRDA:149,69,49,-
BRDA:149,70,49,-
BRDA:149,71,51,-
BRDA:149,71,56,-
BRDA:149,72,26,-
BRDA:150,73,60,-
BRDA:150,73,66,-
BRDA:151,75,18,-
BRDA:158,77,4,-
BRDA:158,77,9,-
BRDA:158,78,11,-
BRDA:158,79,11,-
BRDA:158,80,13,-
BRDA:158,80,18,-
BRDA:158,81,20,-
BRDA:159,82,20,-
BRDA:164,84,4,-
BRDA:164,84,9,-
BRDA:164,85,11,-
BRDA:164,86,11,-
BRDA:164,87,13,-
BRDA:164,87,18,-
BRDA:164,88,20,-
BRDA:165,89,20,-
end_of_record
SF:/Users/timothyzakian/sui/main/external-crates/move/crates/move-stdlib/tests/ascii_tests.move
FNF:21
FNH:0
LF:131
LH:0
BRF:151
BRH:0
FN:91,printable_chars_dont_allow_newline
FN:85,printable_chars_dont_allow_tab
FN:127,test_append
FN:13,test_ascii_chars
FN:47,test_ascii_push_char_pop_char
FN:31,test_ascii_push_chars
FN:167,test_index_of
FN:203,test_insert
FN:213,test_insert_empty
FN:220,test_insert_out_of_bounds_fail
FN:97,test_invalid_ascii_characters
FN:108,test_nonvisible_chars
FN:69,test_printable_chars
FN:147,test_substring
FN:185,test_substring_i_out_of_bounds_fail
FN:191,test_substring_j_lt_i_fail
FN:197,test_substring_j_out_of_bounds_fail
FN:154,test_substring_len_one
FN:161,test_substring_len_zero
FN:141,test_to_lowercase
FN:135,test_to_uppercase
BRDA:13,0,4,-
BRDA:17,1,8,-
BRDA:17,1,23,-
BRDA:17,2,9,-
BRDA:18,3,12,-
BRDA:18,3,13,-
BRDA:18,4,15,-
BRDA:19,6,4,-
BRDA:23,7,32,-
BRDA:23,7,33,-
BRDA:24,8,35,-
BRDA:25,10,39,-
BRDA:25,10,40,-
BRDA:25,11,42,-
BRDA:26,13,50,-
BRDA:26,13,51,-
BRDA:26,14,53,-
BRDA:31,17,5,-
BRDA:35,18,9,-
BRDA:35,18,19,-
BRDA:35,19,10,-
BRDA:36,20,5,-
BRDA:40,21,25,-
BRDA:40,21,26,-
BRDA:40,22,28,-
BRDA:41,24,33,-
BRDA:41,24,34,-
BRDA:41,25,36,-
BRDA:42,27,40,-
BRDA:42,27,41,-
BRDA:42,28,43,-
BRDA:47,31,5,-
BRDA:51,32,9,-
BRDA:51,32,19,-
BRDA:51,33,10,-
BRDA:52,34,5,-
BRDA:56,35,23,-
BRDA:56,35,39,-
BRDA:57,36,31,-
BRDA:57,36,32,-
BRDA:58,37,34,-
BRDA:59,39,19,-
BRDA:62,40,45,-
BRDA:62,40,46,-
BRDA:62,41,48,-
BRDA:63,43,53,-
BRDA:63,43,54,-
BRDA:63,44,56,-
BRDA:64,46,59,-
BRDA:64,46,60,-
BRDA:64,47,62,-
BRDA:69,50,4,-
BRDA:73,51,8,-
BRDA:73,51,23,-
BRDA:73,52,9,-
BRDA:74,53,12,-
BRDA:74,53,13,-
BRDA:74,54,15,-
BRDA:75,56,4,-
BRDA:79,57,29,-
BRDA:79,57,30,-
BRDA:80,58,32,-
BRDA:85,61,7,-
BRDA:85,61,8,-
BRDA:86,62,10,-
BRDA:91,65,7,-
BRDA:91,65,8,-
BRDA:92,66,10,-
BRDA:97,69,2,-
BRDA:99,70,6,-
BRDA:99,70,22,-
BRDA:99,71,7,-
BRDA:100,72,14,-
BRDA:100,72,15,-
BRDA:101,73,17,-
BRDA:102,75,2,-
BRDA:108,77,2,-
BRDA:110,78,6,-
BRDA:110,78,23,-
BRDA:110,79,7,-
BRDA:111,80,15,-
BRDA:111,80,16,-
BRDA:112,81,18,-
BRDA:113,83,2,-
BRDA:116,84,25,-
BRDA:118,85,29,-
BRDA:118,85,45,-
BRDA:119,86,37,-
BRDA:119,86,38,-
BRDA:120,87,40,-
BRDA:121,89,25,-
BRDA:127,91,12,-
BRDA:127,91,13,-
BRDA:130,92,15,-
BRDA:135,95,9,-
BRDA:135,95,10,-
BRDA:136,96,12,-
BRDA:141,99,9,-
BRDA:141,99,10,-
BRDA:142,100,12,-
BRDA:147,103,11,-
BRDA:147,103,12,-
BRDA:148,104,14,-
BRDA:149,106,22,-
BRDA:149,106,23,-
BRDA:149,107,25,-
BRDA:154,110,11,-
BRDA:154,110,12,-
BRDA:155,111,14,-
BRDA:156,113,22,-
BRDA:156,113,23,-
BRDA:156,114,25,-
BRDA:161,117,11,-
BRDA:161,117,12,-
BRDA:162,118,14,-
BRDA:167,121,14,-
BRDA:167,121,15,-
BRDA:168,122,17,-
BRDA:169,124,28,-
BRDA:169,124,29,-
BRDA:169,125,31,-
BRDA:170,127,42,-
BRDA:170,127,43,-
BRDA:170,128,45,-
BRDA:171,130,57,-
BRDA:171,130,58,-
BRDA:171,131,60,-
BRDA:172,133,71,-
BRDA:172,133,72,-
BRDA:172,134,74,-
BRDA:173,136,85,-
BRDA:173,136,86,-
BRDA:173,137,88,-
BRDA:174,139,99,-
BRDA:174,139,100,-
BRDA:174,140,102,-
BRDA:175,142,113,-
BRDA:175,142,114,-
BRDA:175,143,116,-
BRDA:177,145,130,-
BRDA:177,145,131,-
BRDA:176,146,133,-
BRDA:203,152,13,-
BRDA:203,152,14,-
BRDA:205,153,16,-
BRDA:207,155,26,-
BRDA:207,155,27,-
BRDA:208,156,29,-
BRDA:213,159,13,-
BRDA:213,159,14,-
BRDA:215,160,16,-
end_of_record
SF:/Users/timothyzakian/sui/main/external-crates/move/crates/move-stdlib/sources/bcs.move
FNF:1
FNH:0
LF:1
LH:0
BRF:0
BRH:0
FN:12,to_bytes
end_of_record
SF:/Users/timothyzakian/sui/main/external-crates/move/crates/move-stdlib/tests/bcs_tests.move
FNF:17
FNH:0
LF:45
LH:0
BRF:27
BRH:0
FN:21,bcs_address
FN:28,bcs_bool
FN:58,bcs_u128
FN:40,bcs_u16
FN:64,bcs_u256
FN:46,bcs_u32
FN:52,bcs_u64
FN:34,bcs_u8
FN:70,bcs_vec_u8
FN:96,box127
FN:84,box15
FN:76,box3
FN:88,box31
FN:92,box63
FN:80,box7
FN:101,encode_128
FN:108,encode_129
BRDA:21,0,7,-
BRDA:21,0,8,-
BRDA:23,1,10,-
BRDA:29,4,7,-
BRDA:29,4,8,-
BRDA:29,5,10,-
BRDA:35,8,7,-
BRDA:35,8,8,-
BRDA:35,9,10,-
BRDA:41,12,7,-
BRDA:41,12,8,-
BRDA:41,13,10,-
BRDA:47,16,7,-
BRDA:47,16,8,-
BRDA:47,17,10,-
BRDA:53,20,7,-
BRDA:53,20,8,-
BRDA:53,21,10,-
BRDA:59,24,7,-
BRDA:59,24,8,-
BRDA:59,25,10,-
BRDA:65,28,7,-
BRDA:65,28,8,-
BRDA:65,29,10,-
BRDA:70,32,7,-
BRDA:70,32,8,-
BRDA:72,33,10,-
end_of_record
SF:/Users/timothyzakian/sui/main/external-crates/move/crates/move-stdlib/sources/bit_vector.move
FNF:8
FNH:0
LF:50
LH:0
BRF:53
BRH:0
FN:83,is_index_set
FN:89,length
FN:96,longest_set_sequence_starting_at
FN:22,new
FN:39,set
FN:54,shift_left
FN:46,unset
FN:110,word_size
BRDA:22,0,4,-
BRDA:22,0,5,-
BRDA:22,1,7,-
BRDA:23,3,11,-
BRDA:23,3,12,-
BRDA:23,4,14,-
BRDA:24,6,18,-
BRDA:26,7,22,-
BRDA:26,7,30,-
BRDA:27,8,18,-
BRDA:39,10,6,-
BRDA:39,10,7,-
BRDA:39,11,11,-
BRDA:46,14,6,-
BRDA:46,14,7,-
BRDA:46,15,11,-
BRDA:54,18,6,-
BRDA:54,18,33,-
BRDA:55,19,12,-
BRDA:57,20,16,-
BRDA:57,20,30,-
BRDA:57,21,17,-
BRDA:58,22,12,-
BRDA:54,23,86,-
BRDA:63,24,35,-
BRDA:65,25,41,-
BRDA:65,25,63,-
BRDA:65,26,42,-
BRDA:66,27,47,-
BRDA:66,27,53,-
BRDA:66,28,58,-
BRDA:67,29,58,-
BRDA:68,30,35,-
BRDA:71,31,69,-
BRDA:73,32,75,-
BRDA:73,32,84,-
BRDA:73,33,76,-
BRDA:74,34,69,-
BRDA:54,35,86,-
BRDA:83,37,6,-
BRDA:83,37,7,-
BRDA:83,38,11,-
BRDA:96,42,6,-
BRDA:96,42,7,-
BRDA:96,43,11,-
BRDA:97,45,13,-
BRDA:100,46,19,-
BRDA:100,46,33,-
BRDA:101,47,24,-
BRDA:101,47,28,-
BRDA:101,48,25,-
BRDA:101,49,33,-
BRDA:102,50,13,-
end_of_record
SF:/Users/timothyzakian/sui/main/external-crates/move/crates/move-stdlib/tests/bit_vector_tests.move
FNF:18
FNH:0
LF:130
LH:0
BRF:131
BRH:0
FN:221,empty_bitvector
FN:57,index_bit_out_of_bounds
FN:86,longest_sequence_no_set_nonzero_index
FN:73,longest_sequence_no_set_zero_index
FN:79,longest_sequence_one_set_zero_index
FN:92,longest_sequence_two_set_nonzero_index
FN:100,longest_sequence_with_break
FN:43,set_bit_out_of_bounds
FN:194,shift_left_at_size
FN:213,shift_left_more_than_size
FN:226,single_bit_bitvector
FN:13,test_bitvector_set_unset_of_size
FN:63,test_set_bit_and_index_basic
FN:68,test_set_bit_and_index_odd_size
FN:119,test_shift_left
FN:139,test_shift_left_specific_amount
FN:162,test_shift_left_specific_amount_to_unset_bit
FN:50,unset_bit_out_of_bounds
BRDA:13,0,5,-
BRDA:15,1,9,-
BRDA:15,1,43,-
BRDA:15,2,10,-
BRDA:16,3,17,-
BRDA:16,3,18,-
BRDA:17,4,20,-
BRDA:18,6,26,-
BRDA:20,7,5,-
BRDA:20,7,30,-
BRDA:21,8,35,-
BRDA:21,8,36,-
BRDA:21,9,38,-
BRDA:22,11,26,-
BRDA:26,12,45,-
BRDA:28,13,49,-
BRDA:28,13,83,-
BRDA:29,14,57,-
BRDA:29,14,58,-
BRDA:30,15,60,-
BRDA:31,17,67,-
BRDA:33,18,45,-
BRDA:33,18,71,-
BRDA:34,19,75,-
BRDA:34,19,76,-
BRDA:34,20,78,-
BRDA:35,22,67,-
BRDA:73,29,9,-
BRDA:73,29,10,-
BRDA:74,30,12,-
BRDA:79,33,12,-
BRDA:79,33,13,-
BRDA:81,34,15,-
BRDA:86,37,9,-
BRDA:86,37,10,-
BRDA:87,38,12,-
BRDA:92,41,15,-
BRDA:92,41,16,-
BRDA:95,42,18,-
BRDA:100,45,5,-
BRDA:102,46,9,-
BRDA:102,46,18,-
BRDA:102,47,10,-
BRDA:103,48,5,-
BRDA:107,49,22,-
BRDA:108,50,26,-
BRDA:108,50,35,-
BRDA:108,51,27,-
BRDA:109,52,22,-
BRDA:112,53,41,-
BRDA:112,53,42,-
BRDA:112,54,44,-
BRDA:113,56,50,-
BRDA:113,56,51,-
BRDA:113,57,53,-
BRDA:114,59,59,-
BRDA:114,59,60,-
BRDA:114,60,62,-
BRDA:119,63,7,-
BRDA:123,64,11,-
BRDA:123,64,20,-
BRDA:123,65,12,-
BRDA:124,66,7,-
BRDA:128,67,24,-
BRDA:129,68,28,-
BRDA:129,68,52,-
BRDA:129,69,29,-
BRDA:130,70,33,-
BRDA:130,70,34,-
BRDA:130,71,36,-
BRDA:131,73,44,-
BRDA:131,73,45,-
BRDA:132,74,47,-
BRDA:133,76,24,-
BRDA:139,78,14,-
BRDA:139,78,15,-
BRDA:144,79,17,-
BRDA:146,81,26,-
BRDA:146,81,27,-
BRDA:147,82,29,-
BRDA:148,84,34,-
BRDA:148,84,35,-
BRDA:148,85,37,-
BRDA:151,87,44,-
BRDA:154,88,48,-
BRDA:154,88,61,-
BRDA:155,89,53,-
BRDA:155,89,54,-
BRDA:155,90,56,-
BRDA:156,92,44,-
BRDA:162,94,11,-
BRDA:169,95,15,-
BRDA:169,95,24,-
BRDA:169,96,16,-
BRDA:170,97,11,-
BRDA:174,98,32,-
BRDA:174,98,33,-
BRDA:175,99,35,-
BRDA:177,101,40,-
BRDA:181,102,44,-
BRDA:181,102,82,-
BRDA:183,103,50,-
BRDA:183,103,54,-
BRDA:183,104,51,-
BRDA:183,105,60,-
BRDA:183,106,60,-
BRDA:183,107,62,-
BRDA:183,107,70,-
BRDA:184,108,67,-
BRDA:184,108,68,-
BRDA:184,109,77,-
BRDA:186,111,74,-
BRDA:186,111,75,-
BRDA:186,112,77,-
BRDA:188,114,40,-
BRDA:194,116,7,-
BRDA:198,117,11,-
BRDA:198,117,20,-
BRDA:198,118,12,-
BRDA:199,119,7,-
BRDA:203,120,29,-
BRDA:205,121,33,-
BRDA:205,121,47,-
BRDA:205,122,34,-
BRDA:206,123,39,-
BRDA:206,123,40,-
BRDA:206,124,42,-
BRDA:207,126,29,-
BRDA:226,130,8,-
BRDA:226,130,9,-
BRDA:227,131,11,-
end_of_record
SF:/Users/timothyzakian/sui/main/external-crates/move/crates/move-cli/tests/tracing_tests/tracing-unit-tests/sources/calls.move
FNF:11
FNH:11
LF:37
LH:37
BRF:9
BRH:5
FN:48,f
FN:24,f_test_call_order
FN:33,f_test_return_order
FN:57,g
FN:66,h
FN:68,i
FN:53,k
FN:17,test_call_order
FN:38,test_call_return_order
FN:44,test_complex_nested_calls
FN:27,test_return_order
FNDA:1,f
FNDA:2,f_test_call_order
FNDA:2,f_test_return_order
FNDA:1,g
FNDA:2,h
FNDA:1,i
FNDA:1,k
FNDA:1,test_call_order
FNDA:1,test_call_return_order
FNDA:1,test_complex_nested_calls
FNDA:1,test_return_order
DA:16,1
DA:17,1
DA:18,1
DA:19,1
DA:20,2
DA:23,4
DA:26,1
DA:27,4
DA:28,5
DA:29,4
DA:32,2
DA:33,8
DA:37,1
DA:38,1
DA:39,2
DA:43,1
DA:44,2
DA:47,1
DA:48,4
DA:49,7
DA:52,1
DA:53,2
DA:56,1
DA:57,3
DA:58,2
DA:59,3
DA:60,2
DA:61,2
DA:62,3
DA:65,4
DA:67,1
DA:68,4
DA:69,3
DA:70,2
DA:71,4
DA:72,3
DA:73,3
BRDA:27,2,8,1
BRDA:27,2,9,-
BRDA:28,3,11,1
BRDA:29,5,13,1
BRDA:29,5,14,-
BRDA:29,6,16,1
BRDA:48,12,8,1
BRDA:48,12,10,-
BRDA:49,13,10,-
end_of_record
SF:/Users/timothyzakian/sui/main/external-crates/move/crates/move-stdlib/sources/debug.move
FNF:2
FNH:0
LF:2
LH:0
BRF:0
BRH:0
FN:8,print
FN:10,print_stack_trace
end_of_record
SF:/Users/timothyzakian/sui/main/external-crates/move/crates/move-cli/tests/tracing_tests/tracing-unit-tests/sources/errors.move
FNF:8
FNH:8
LF:17
LH:17
BRF:0
BRH:0
FN:5,aborter
FN:24,bad_cast
FN:12,div_0
FN:42,fail_during_abort
FN:48,fail_in_native
FN:30,overshift_l
FN:36,overshift_r
FN:18,underflow
FNDA:1,aborter
FNDA:1,bad_cast
FNDA:1,div_0
FNDA:1,fail_during_abort
FNDA:1,fail_in_native
FNDA:1,overshift_l
FNDA:1,overshift_r
FNDA:1,underflow
DA:4,1
DA:5,1
DA:6,1
DA:11,1
DA:12,3
DA:17,1
DA:18,3
DA:23,1
DA:24,2
DA:29,1
DA:30,3
DA:35,1
DA:36,3
DA:41,1
DA:42,3
DA:47,1
DA:48,6
end_of_record
SF:/Users/timothyzakian/sui/main/external-crates/move/crates/move-stdlib/sources/fixed_point32.move
FNF:6
FNH:0
LF:25
LH:0
BRF:22
BRH:0
FN:78,create_from_rational
FN:95,create_from_raw_value
FN:54,divide_u64
FN:102,get_raw_value
FN:107,is_zero
FN:38,multiply_u64
BRDA:41,0,14,-
BRDA:41,0,15,-
BRDA:46,1,17,-
BRDA:55,4,6,-
BRDA:55,4,7,-
BRDA:55,5,9,-
BRDA:58,7,23,-
BRDA:58,7,24,-
BRDA:61,8,26,-
BRDA:82,11,14,-
BRDA:82,11,15,-
BRDA:84,12,17,-
BRDA:85,14,25,-
BRDA:85,14,28,-
BRDA:86,15,32,-
BRDA:86,16,32,-
BRDA:86,17,34,-
BRDA:86,17,35,-
BRDA:86,18,37,-
BRDA:89,20,41,-
BRDA:89,20,42,-
BRDA:89,21,44,-
end_of_record
SF:/Users/timothyzakian/sui/main/external-crates/move/crates/move-stdlib/tests/fixedpoint32_tests.move
FNF:13
FNH:0
LF:43
LH:0
BRF:18
BRH:0
FN:14,create_div_zero
FN:110,create_from_rational_max_numerator_denominator
FN:21,create_overflow
FN:29,create_underflow
FN:36,create_zero
FN:43,divide_by_zero
FN:59,divide_overflow_large_numerator
FN:51,divide_overflow_small_divisore
FN:89,exact_divide
FN:82,exact_multiply
FN:75,multiply_overflow_large_multiplier
FN:67,multiply_overflow_small_multiplier
FN:96,multiply_truncates
BRDA:36,3,5,-
BRDA:36,3,6,-
BRDA:37,4,8,-
BRDA:82,12,10,-
BRDA:82,12,11,-
BRDA:84,13,13,-
BRDA:89,16,10,-
BRDA:89,16,11,-
BRDA:91,17,13,-
BRDA:96,20,10,-
BRDA:96,20,11,-
BRDA:100,21,13,-
BRDA:103,23,25,-
BRDA:103,23,26,-
BRDA:105,24,28,-
BRDA:111,27,7,-
BRDA:111,27,8,-
BRDA:113,28,10,-
end_of_record
SF:/Users/timothyzakian/sui/main/external-crates/move/crates/move-stdlib/sources/hash.move
FNF:2
FNH:0
LF:2
LH:0
BRF:0
BRH:0
FN:11,sha2_256
FN:12,sha3_256
end_of_record
SF:/Users/timothyzakian/sui/main/external-crates/move/crates/move-stdlib/tests/hash_tests.move
FNF:2
FNH:0
LF:8
LH:0
BRF:6
BRH:0
FN:13,sha2_256_expected_hash
FN:20,sha3_256_expected_hash
BRDA:13,0,5,-
BRDA:13,0,6,-
BRDA:15,1,8,-
BRDA:20,4,5,-
BRDA:20,4,6,-
BRDA:22,5,8,-
end_of_record
SF:/Users/timothyzakian/sui/main/external-crates/move/crates/move-stdlib/tests/integer_tests.move
FNF:0
FNH:0
LF:0
LH:0
BRF:0
BRH:0
end_of_record
SF:/Users/timothyzakian/sui/main/external-crates/move/crates/move-stdlib/sources/macros.move
FNF:0
FNH:0
LF:0
LH:0
BRF:0
BRH:0
end_of_record
SF:/Users/timothyzakian/sui/main/external-crates/move/crates/move-cli/tests/tracing_tests/tracing-unit-tests/sources/natives.move
FNF:2
FNH:2
LF:8
LH:8
BRF:0
BRH:0
FN:13,get_orig_type_name_test
FN:6,get_type_name_test
FNDA:1,get_orig_type_name_test
FNDA:1,get_type_name_test
DA:5,1
DA:6,2
DA:7,3
DA:8,4
DA:12,1
DA:13,2
DA:14,3
DA:15,4
end_of_record
SF:/Users/timothyzakian/sui/main/external-crates/move/crates/move-stdlib/sources/option.move
FNF:17
FNH:0
LF:60
LH:0
BRF:37
BRH:0
FN:49,borrow
FN:87,borrow_mut
FN:56,borrow_with_default
FN:43,contains
FN:132,destroy_none
FN:122,destroy_some
FN:114,destroy_with_default
FN:80,extract
FN:72,fill
FN:64,get_with_default
FN:32,is_none
FN:37,is_some
FN:22,none
FN:27,some
FN:94,swap
FN:105,swap_or_fill
FN:140,to_vec
BRDA:49,5,3,-
BRDA:49,5,4,-
BRDA:49,6,8,-
BRDA:56,9,6,-
BRDA:56,9,11,-
BRDA:57,10,17,-
BRDA:58,11,17,-
BRDA:64,13,6,-
BRDA:64,13,11,-
BRDA:65,14,16,-
BRDA:66,15,16,-
BRDA:72,17,7,-
BRDA:72,17,8,-
BRDA:73,18,12,-
BRDA:80,21,4,-
BRDA:80,21,5,-
BRDA:80,22,9,-
BRDA:87,25,4,-
BRDA:87,25,5,-
BRDA:87,26,9,-
BRDA:94,29,4,-
BRDA:94,29,5,-
BRDA:94,30,9,-
BRDA:105,33,7,-
BRDA:105,33,10,-
BRDA:106,34,14,-
BRDA:107,35,14,-
BRDA:114,37,6,-
BRDA:114,37,9,-
BRDA:115,38,12,-
BRDA:116,39,12,-
BRDA:122,41,3,-
BRDA:122,41,4,-
BRDA:122,42,6,-
BRDA:132,45,3,-
BRDA:132,45,4,-
BRDA:132,46,6,-
end_of_record
SF:/Users/timothyzakian/sui/main/external-crates/move/crates/move-stdlib/tests/option_tests.move
FNF:34
FNH:0
LF:170
LH:0
BRF:290
BRH:0
FN:251,and_no_drop
FN:59,borrow_mut_none
FN:50,borrow_mut_some
FN:64,borrow_with_default
FN:151,destroy_none
FN:157,destroy_none_some
FN:280,destroy_or
FN:286,destroy_or_no_drop
FN:140,destroy_some
FN:146,destroy_some_none
FN:134,destroy_with_default
FN:180,do_destroy
FN:201,do_ref_mut
FN:88,extract_none
FN:80,extract_some
FN:120,fill_none
FN:129,fill_some
FN:267,filter
FN:72,get_with_default
FN:170,into_vec_none
FN:162,into_vec_some
FN:273,is_some_and
FN:216,map_map_ref
FN:224,map_no_drop
FN:45,option_borrow_none
FN:36,option_borrow_some
FN:25,option_contains
FN:11,option_none_is_none
FN:18,option_some_is_some
FN:239,or_no_drop
FN:115,swap_none
FN:107,swap_or_fill_none
FN:100,swap_or_fill_some
FN:93,swap_some
BRDA:11,0,5,-
BRDA:11,0,6,-
BRDA:12,1,8,-
BRDA:13,3,12,-
BRDA:13,3,13,-
BRDA:13,4,15,-
BRDA:18,7,7,-
BRDA:18,7,8,-
BRDA:19,8,10,-
BRDA:20,10,13,-
BRDA:20,10,14,-
BRDA:20,11,16,-
BRDA:25,14,16,-
BRDA:25,14,17,-
BRDA:28,15,19,-
BRDA:29,17,27,-
BRDA:29,17,28,-
BRDA:29,18,30,-
BRDA:30,20,39,-
BRDA:30,20,40,-
BRDA:30,21,42,-
BRDA:31,23,51,-
BRDA:31,23,52,-
BRDA:31,24,54,-
BRDA:36,27,12,-
BRDA:36,27,13,-
BRDA:38,28,15,-
BRDA:39,30,21,-
BRDA:39,30,22,-
BRDA:39,31,24,-
BRDA:50,35,15,-
BRDA:50,35,16,-
BRDA:53,36,18,-
BRDA:64,40,16,-
BRDA:64,40,17,-
BRDA:66,41,19,-
BRDA:67,43,30,-
BRDA:67,43,31,-
BRDA:67,44,33,-
BRDA:72,47,11,-
BRDA:72,47,12,-
BRDA:74,48,14,-
BRDA:75,50,20,-
BRDA:75,50,21,-
BRDA:75,51,23,-
BRDA:80,54,8,-
BRDA:80,54,9,-
BRDA:81,55,11,-
BRDA:82,57,14,-
BRDA:82,57,15,-
BRDA:82,58,17,-
BRDA:93,62,9,-
BRDA:93,62,10,-
BRDA:94,63,12,-
BRDA:95,65,18,-
BRDA:95,65,19,-
BRDA:95,66,21,-
BRDA:100,69,10,-
BRDA:100,69,11,-
BRDA:101,70,13,-
BRDA:102,72,19,-
BRDA:102,72,20,-
BRDA:102,73,22,-
BRDA:107,76,8,-
BRDA:107,76,9,-
BRDA:108,77,11,-
BRDA:109,79,17,-
BRDA:109,79,18,-
BRDA:109,80,20,-
BRDA:120,84,8,-
BRDA:120,84,9,-
BRDA:122,85,11,-
BRDA:123,87,17,-
BRDA:123,87,18,-
BRDA:123,88,20,-
BRDA:134,92,6,-
BRDA:134,92,7,-
BRDA:134,93,9,-
BRDA:135,95,16,-
BRDA:135,95,17,-
BRDA:135,96,19,-
BRDA:140,99,6,-
BRDA:140,99,7,-
BRDA:140,100,9,-
BRDA:162,106,9,-
BRDA:162,106,10,-
BRDA:163,107,12,-
BRDA:164,109,17,-
BRDA:164,109,18,-
BRDA:165,110,20,-
BRDA:170,113,6,-
BRDA:170,113,7,-
BRDA:171,114,9,-
BRDA:180,117,8,-
BRDA:180,117,12,-
BRDA:155,118,14,-
BRDA:156,119,14,-
BRDA:182,120,20,-
BRDA:182,120,28,-
BRDA:155,121,30,-
BRDA:156,122,30,-
BRDA:184,123,34,-
BRDA:184,123,35,-
BRDA:184,124,37,-
BRDA:186,126,48,-
BRDA:186,126,53,-
BRDA:155,127,55,-
BRDA:156,128,55,-
BRDA:190,129,60,-
BRDA:190,129,65,-
BRDA:155,130,67,-
BRDA:156,131,67,-
BRDA:192,132,73,-
BRDA:192,132,77,-
BRDA:155,133,79,-
BRDA:156,134,79,-
BRDA:193,135,85,-
BRDA:193,135,89,-
BRDA:155,136,91,-
BRDA:156,137,91,-
BRDA:195,138,97,-
BRDA:195,138,101,-
BRDA:155,139,103,-
BRDA:156,140,103,-
BRDA:196,141,109,-
BRDA:196,141,113,-
BRDA:155,142,115,-
BRDA:156,143,115,-
BRDA:201,145,11,-
BRDA:201,145,18,-
BRDA:168,146,20,-
BRDA:168,147,20,-
BRDA:204,148,25,-
BRDA:204,148,30,-
BRDA:162,149,32,-
BRDA:162,150,32,-
BRDA:206,151,36,-
BRDA:206,151,37,-
BRDA:206,152,39,-
BRDA:208,154,44,-
BRDA:208,154,49,-
BRDA:162,155,51,-
BRDA:162,156,51,-
BRDA:209,157,56,-
BRDA:209,157,60,-
BRDA:162,158,62,-
BRDA:162,159,62,-
BRDA:210,160,68,-
BRDA:210,160,72,-
BRDA:168,161,74,-
BRDA:168,162,74,-
BRDA:211,163,80,-
BRDA:211,163,84,-
BRDA:168,164,86,-
BRDA:168,165,86,-
BRDA:216,167,6,-
BRDA:216,167,12,-
BRDA:208,168,16,-
BRDA:210,169,16,-
BRDA:207,170,21,-
BRDA:207,170,22,-
BRDA:216,171,24,-
BRDA:217,173,32,-
BRDA:217,173,39,-
BRDA:220,174,43,-
BRDA:221,175,43,-
BRDA:220,176,48,-
BRDA:220,176,49,-
BRDA:217,177,51,-
BRDA:218,179,56,-
BRDA:218,179,62,-
BRDA:208,180,66,-
BRDA:210,181,66,-
BRDA:207,182,70,-
BRDA:207,182,71,-
BRDA:218,183,73,-
BRDA:219,185,80,-
BRDA:219,185,87,-
BRDA:220,186,91,-
BRDA:221,187,91,-
BRDA:220,188,95,-
BRDA:220,188,96,-
BRDA:219,189,98,-
BRDA:224,192,5,-
BRDA:224,192,13,-
BRDA:208,193,17,-
BRDA:210,194,17,-
BRDA:207,195,26,-
BRDA:207,195,34,-
BRDA:208,196,38,-
BRDA:210,197,38,-
BRDA:207,198,44,-
BRDA:207,198,45,-
BRDA:233,199,47,-
BRDA:234,201,52,-
BRDA:234,201,53,-
BRDA:234,202,55,-
BRDA:239,205,5,-
BRDA:239,205,8,-
BRDA:176,206,14,-
BRDA:178,207,14,-
BRDA:175,208,23,-
BRDA:175,208,26,-
BRDA:176,209,32,-
BRDA:178,210,32,-
BRDA:175,211,37,-
BRDA:175,211,38,-
BRDA:242,212,40,-
BRDA:243,214,43,-
BRDA:243,214,44,-
BRDA:243,215,46,-
BRDA:251,218,5,-
BRDA:251,218,13,-
BRDA:188,219,17,-
BRDA:190,220,17,-
BRDA:187,221,26,-
BRDA:187,221,34,-
BRDA:188,222,38,-
BRDA:190,223,38,-
BRDA:187,224,43,-
BRDA:187,224,44,-
BRDA:261,225,46,-
BRDA:262,227,50,-
BRDA:262,227,51,-
BRDA:262,228,53,-
BRDA:267,231,6,-
BRDA:267,231,13,-
BRDA:227,232,15,-
BRDA:227,233,15,-
BRDA:227,234,17,-
BRDA:227,234,20,-
BRDA:227,235,22,-
BRDA:228,236,22,-
BRDA:227,237,27,-
BRDA:227,237,28,-
BRDA:267,238,30,-
BRDA:268,240,36,-
BRDA:268,240,43,-
BRDA:227,241,45,-
BRDA:227,242,45,-
BRDA:227,243,47,-
BRDA:227,243,50,-
BRDA:227,244,52,-
BRDA:228,245,52,-
BRDA:227,246,56,-
BRDA:227,246,57,-
BRDA:268,247,59,-
BRDA:273,250,8,-
BRDA:273,250,15,-
BRDA:234,251,19,-
BRDA:234,252,19,-
BRDA:234,253,21,-
BRDA:234,253,22,-
BRDA:273,254,24,-
BRDA:274,256,32,-
BRDA:274,256,39,-
BRDA:234,257,43,-
BRDA:234,258,43,-
BRDA:234,259,46,-
BRDA:234,259,47,-
BRDA:274,260,49,-
BRDA:275,262,56,-
BRDA:275,262,63,-
BRDA:234,263,67,-
BRDA:234,264,67,-
BRDA:234,265,70,-
BRDA:234,265,71,-
BRDA:275,266,73,-
BRDA:280,269,5,-
BRDA:280,269,9,-
BRDA:246,270,13,-
BRDA:248,271,13,-
BRDA:245,272,17,-
BRDA:245,272,18,-
BRDA:280,273,20,-
BRDA:281,275,26,-
BRDA:281,275,30,-
BRDA:246,276,34,-
BRDA:248,277,34,-
BRDA:245,278,38,-
BRDA:245,278,39,-
BRDA:281,279,41,-
BRDA:286,282,5,-
BRDA:286,282,9,-
BRDA:246,283,14,-
BRDA:248,284,14,-
BRDA:245,285,23,-
BRDA:245,285,27,-
BRDA:246,286,32,-
BRDA:248,287,32,-
end_of_record
SF:/Users/timothyzakian/sui/main/external-crates/move/crates/move-cli/tests/tracing_tests/tracing-unit-tests/sources/structs.move
FNF:5
FNH:5
LF:29
LH:29
BRF:20
BRH:12
FN:54,test_enums_structs
FN:35,test_gen_pack_order
FN:44,test_gen_unpack_order
FN:16,test_pack_order
FN:25,test_unpack_order
FNDA:1,test_enums_structs
FNDA:1,test_gen_pack_order
FNDA:1,test_gen_unpack_order
FNDA:1,test_pack_order
FNDA:1,test_unpack_order
DA:15,1
DA:16,1
DA:17,1
DA:18,1
DA:19,2
DA:20,8
DA:24,1
DA:25,1
DA:26,1
DA:27,1
DA:28,1
DA:29,4
DA:30,11
DA:34,1
DA:35,1
DA:36,1
DA:37,1
DA:38,2
DA:39,8
DA:43,1
DA:44,1
DA:45,1
DA:46,1
DA:47,1
DA:48,4
DA:49,11
DA:53,1
DA:54,4
DA:55,4
BRDA:16,0,11,1
BRDA:16,0,12,-
BRDA:20,1,16,1
BRDA:25,4,12,1
BRDA:25,4,15,-
BRDA:30,5,17,1
BRDA:30,6,17,-
BRDA:30,7,19,1
BRDA:30,7,20,-
BRDA:30,8,22,1
BRDA:35,11,11,1
BRDA:35,11,12,-
BRDA:39,12,16,1
BRDA:44,15,12,1
BRDA:44,15,15,-
BRDA:49,16,17,1
BRDA:49,17,17,-
BRDA:49,18,19,1
BRDA:49,18,20,-
BRDA:49,19,22,1
end_of_record
SF:/Users/timothyzakian/sui/main/external-crates/move/crates/move-cli/tests/tracing_tests/tracing-unit-tests/sources/references.move
FNF:9
FNH:9
LF:39
LH:39
BRF:24
BRH:16
FN:13,assign_add
FN:71,incr
FN:63,l0
FN:67,l1
FN:53,nested_struct_reference_mutation
FN:5,pass_mut_assign_in_other_fn
FN:20,test_struct_borrow
FN:26,test_vector_mut_borrow
FN:37,test_vector_mut_borrow_pop
FNDA:1,assign_add
FNDA:1,incr
FNDA:1,l0
FNDA:1,l1
FNDA:1,nested_struct_reference_mutation
FNDA:1,pass_mut_assign_in_other_fn
FNDA:1,test_struct_borrow
FNDA:1,test_vector_mut_borrow
FNDA:1,test_vector_mut_borrow_pop
DA:4,1
DA:5,1
DA:6,1
DA:7,2
DA:8,2
DA:9,6
DA:12,1
DA:13,6
DA:19,1
DA:20,5
DA:21,7
DA:25,1
DA:26,4
DA:27,3
DA:28,3
DA:29,4
DA:30,5
DA:31,8
DA:32,7
DA:36,1
DA:37,4
DA:38,3
DA:39,3
DA:40,4
DA:41,5
DA:42,8
DA:43,7
DA:52,1
DA:53,8
DA:55,9
DA:57,2
DA:58,1
DA:59,10
DA:62,1
DA:63,4
DA:66,1
DA:67,4
DA:70,1
DA:71,7
BRDA:7,0,10,1
BRDA:7,0,11,-
BRDA:9,1,13,1
BRDA:20,5,10,1
BRDA:20,5,11,-
BRDA:21,6,13,1
BRDA:26,9,26,1
BRDA:26,9,27,-
BRDA:31,10,31,1
BRDA:32,12,36,1
BRDA:32,12,37,-
BRDA:32,13,39,1
BRDA:37,16,26,1
BRDA:37,16,27,-
BRDA:42,17,29,1
BRDA:43,19,34,1
BRDA:43,19,35,-
BRDA:43,20,37,1
BRDA:53,23,16,1
BRDA:53,23,17,-
BRDA:55,24,23,1
BRDA:57,26,34,1
BRDA:57,26,35,-
BRDA:59,27,41,1
end_of_record
SF:/Users/timothyzakian/sui/main/external-crates/move/crates/move-stdlib/sources/string.move
FNF:20
FNH:2
LF:54
LH:3
BRF:27
BRH:0
FN:70,append
FN:75,append_utf8
FN:49,as_bytes
FN:130,bytes
FN:31,from_ascii
FN:111,index_of
FN:81,insert
FN:117,internal_check_utf8
FN:120,internal_index_of
FN:118,internal_is_char_boundary
FN:119,internal_sub_string
FN:123,internal_sub_string_for_testing
FN:54,into_bytes
FN:60,is_empty
FN:65,length
FN:133,sub_string
FN:96,substring
FN:37,to_ascii
FN:43,try_utf8
FN:25,utf8
FNDA:1,internal_sub_string
FNDA:1,internal_sub_string_for_testing
DA:118,1
DA:122,1
DA:123,4
BRDA:25,0,3,-
BRDA:25,0,4,-
BRDA:25,1,6,-
BRDA:43,6,3,-
BRDA:43,6,8,-
BRDA:43,7,10,-
BRDA:44,8,10,-
BRDA:81,16,8,-
BRDA:81,16,13,-
BRDA:82,17,17,-
BRDA:82,18,17,-
BRDA:82,19,19,-
BRDA:82,19,20,-
BRDA:82,20,24,-
BRDA:96,23,10,-
BRDA:96,23,29,-
BRDA:100,24,14,-
BRDA:100,24,26,-
BRDA:101,25,18,-
BRDA:101,25,23,-
BRDA:102,26,31,-
BRDA:99,27,31,-
BRDA:99,28,31,-
BRDA:99,29,31,-
BRDA:99,30,33,-
BRDA:99,30,34,-
BRDA:98,31,38,-
end_of_record
SF:/Users/timothyzakian/sui/main/external-crates/move/crates/move-stdlib/tests/string_tests.move
FNF:11
FNH:0
LF:43
LH:0
BRF:27
BRH:0
FN:73,test_append
FN:57,test_index_of
FN:65,test_index_of_fail
FN:80,test_insert
FN:87,test_into_bytes
FN:21,test_invalid_utf8
FN:28,test_substring
FN:50,test_substring_empty
FN:36,test_substring_invalid_boundary
FN:44,test_substring_invalid_index
FN:13,test_valid_utf8
BRDA:13,0,8,-
BRDA:13,0,9,-
BRDA:15,1,11,-
BRDA:21,4,8,-
BRDA:21,4,9,-
BRDA:23,5,11,-
BRDA:28,8,11,-
BRDA:28,8,12,-
BRDA:30,9,14,-
BRDA:50,14,11,-
BRDA:50,14,12,-
BRDA:52,15,14,-
BRDA:57,18,12,-
BRDA:57,18,13,-
BRDA:60,19,15,-
BRDA:65,22,12,-
BRDA:65,22,13,-
BRDA:68,23,15,-
BRDA:73,26,12,-
BRDA:73,26,13,-
BRDA:75,27,15,-
BRDA:80,30,13,-
BRDA:80,30,14,-
BRDA:82,31,16,-
BRDA:87,34,6,-
BRDA:87,34,7,-
BRDA:87,35,9,-
end_of_record
SF:/Users/timothyzakian/sui/main/external-crates/move/crates/move-stdlib/sources/type_name.move
FNF:7
FNH:4
LF:45
LH:6
BRF:58
BRH:0
FN:78,borrow_string
FN:45,get
FN:84,get_address
FN:104,get_module
FN:52,get_with_original_ids
FN:126,into_string
FN:56,is_primitive
FNDA:2,borrow_string
FNDA:1,get
FNDA:1,get_with_original_ids
FNDA:2,into_string
DA:44,1
DA:51,1
DA:77,2
DA:78,6
DA:125,2
DA:126,8
BRDA:56,0,12,-
BRDA:56,0,17,-
BRDA:57,1,187,-
BRDA:58,2,25,-
BRDA:58,2,30,-
BRDA:57,3,187,-
BRDA:59,4,38,-
BRDA:59,4,43,-
BRDA:57,5,187,-
BRDA:60,6,51,-
BRDA:60,6,56,-
BRDA:57,7,187,-
BRDA:61,8,64,-
BRDA:61,8,69,-
BRDA:57,9,187,-
BRDA:62,10,77,-
BRDA:62,10,82,-
BRDA:57,11,187,-
BRDA:63,12,90,-
BRDA:63,12,95,-
BRDA:57,13,187,-
BRDA:64,14,103,-
BRDA:64,14,108,-
BRDA:57,15,187,-
BRDA:66,16,113,-
BRDA:66,16,181,-
BRDA:67,17,120,-
BRDA:67,17,176,-
BRDA:68,18,127,-
BRDA:68,18,171,-
BRDA:69,19,134,-
BRDA:69,19,166,-
BRDA:70,20,141,-
BRDA:70,20,161,-
BRDA:71,21,148,-
BRDA:71,21,156,-
BRDA:72,22,185,-
BRDA:66,23,185,-
BRDA:66,24,185,-
BRDA:66,25,185,-
BRDA:66,26,185,-
BRDA:66,27,185,-
BRDA:66,28,185,-
BRDA:66,29,187,-
BRDA:84,32,4,-
BRDA:84,32,5,-
BRDA:84,33,9,-
BRDA:87,35,21,-
BRDA:93,36,25,-
BRDA:93,36,36,-
BRDA:94,37,21,-
BRDA:104,39,4,-
BRDA:104,39,5,-
BRDA:104,40,9,-
BRDA:107,42,23,-
BRDA:112,43,31,-
BRDA:112,43,40,-
BRDA:114,44,23,-
end_of_record
SF:/Users/timothyzakian/sui/main/external-crates/move/crates/move-stdlib/sources/u128.move
FNF:12
FNH:0
LF:70
LH:0
BRF:57
BRH:0
FN:12,bitwise_not
FN:27,diff
FN:32,divide_and_round_up
FN:17,max
FN:22,min
FN:37,pow
FN:66,sqrt
FN:90,to_string
FN:76,try_as_u16
FN:81,try_as_u32
FN:86,try_as_u64
FN:71,try_as_u8
BRDA:17,1,8,-
BRDA:17,1,11,-
BRDA:12,2,13,-
BRDA:13,3,13,-
BRDA:22,5,8,-
BRDA:22,5,11,-
BRDA:19,6,13,-
BRDA:20,7,13,-
BRDA:27,9,8,-
BRDA:27,9,13,-
BRDA:26,10,17,-
BRDA:27,11,17,-
BRDA:32,13,10,-
BRDA:32,13,15,-
BRDA:33,14,21,-
BRDA:34,15,21,-
BRDA:37,17,6,-
BRDA:41,18,10,-
BRDA:41,18,35,-
BRDA:41,19,11,-
BRDA:42,20,17,-
BRDA:42,20,26,-
BRDA:43,21,6,-
BRDA:46,22,6,-
BRDA:66,24,9,-
BRDA:60,25,13,-
BRDA:60,25,42,-
BRDA:60,26,14,-
BRDA:61,27,20,-
BRDA:61,27,33,-
BRDA:62,28,37,-
BRDA:65,29,37,-
BRDA:67,30,9,-
BRDA:71,32,6,-
BRDA:71,32,9,-
BRDA:121,33,13,-
BRDA:122,34,13,-
BRDA:76,36,6,-
BRDA:76,36,9,-
BRDA:127,37,13,-
BRDA:128,38,13,-
BRDA:81,40,6,-
BRDA:81,40,9,-
BRDA:133,41,13,-
BRDA:134,42,13,-
BRDA:86,44,6,-
BRDA:86,44,9,-
BRDA:139,45,13,-
BRDA:140,46,13,-
BRDA:90,48,6,-
BRDA:90,48,10,-
BRDA:76,49,34,-
BRDA:78,50,12,-
BRDA:79,51,16,-
BRDA:79,51,29,-
BRDA:80,52,12,-
BRDA:83,53,34,-
end_of_record
SF:/Users/timothyzakian/sui/main/external-crates/move/crates/move-stdlib/tests/u128_tests.move
FNF:15
FNH:0
LF:188
LH:0
BRF:416
BRH:0
FN:32,test_bitwise_not
FN:47,test_diff
FN:52,test_divide_and_round_up
FN:57,test_divide_and_round_up_error
FN:111,test_dos
FN:37,test_max
FN:42,test_min
FN:62,test_pow
FN:69,test_pow_overflow
FN:74,test_sqrt
FN:102,test_to_string
FN:87,test_try_as_u16
FN:92,test_try_as_u32
FN:97,test_try_as_u64
FN:82,test_try_as_u8
BRDA:32,0,16,-
BRDA:32,0,32,-
BRDA:23,2,42,-
BRDA:13,3,46,-
BRDA:13,3,497,-
BRDA:14,4,82,-
BRDA:14,4,98,-
BRDA:23,6,118,-
BRDA:23,6,134,-
BRDA:23,8,154,-
BRDA:23,8,170,-
BRDA:23,10,190,-
BRDA:23,10,206,-
BRDA:23,12,225,-
BRDA:23,12,241,-
BRDA:23,14,261,-
BRDA:23,14,277,-
BRDA:23,16,297,-
BRDA:23,16,313,-
BRDA:23,18,333,-
BRDA:23,18,349,-
BRDA:23,20,368,-
BRDA:23,20,384,-
BRDA:23,22,404,-
BRDA:23,22,420,-
BRDA:23,24,440,-
BRDA:23,24,456,-
BRDA:23,26,476,-
BRDA:23,26,492,-
BRDA:23,28,42,-
BRDA:37,30,17,-
BRDA:37,30,33,-
BRDA:23,32,43,-
BRDA:13,33,47,-
BRDA:13,33,244,-
BRDA:14,34,83,-
BRDA:14,34,99,-
BRDA:23,36,118,-
BRDA:23,36,134,-
BRDA:23,38,153,-
BRDA:23,38,169,-
BRDA:23,40,188,-
BRDA:23,40,204,-
BRDA:23,42,223,-
BRDA:23,42,239,-
BRDA:23,44,43,-
BRDA:42,46,17,-
BRDA:42,46,33,-
BRDA:23,48,43,-
BRDA:13,49,47,-
BRDA:13,49,244,-
BRDA:14,50,83,-
BRDA:14,50,99,-
BRDA:23,52,118,-
BRDA:23,52,134,-
BRDA:23,54,153,-
BRDA:23,54,169,-
BRDA:23,56,188,-
BRDA:23,56,204,-
BRDA:23,58,223,-
BRDA:23,58,239,-
BRDA:23,60,43,-
BRDA:47,62,17,-
BRDA:47,62,33,-
BRDA:23,64,43,-
BRDA:13,65,47,-
BRDA:13,65,326,-
BRDA:14,66,85,-
BRDA:14,66,101,-
BRDA:23,68,122,-
BRDA:23,68,138,-
BRDA:23,70,157,-
BRDA:23,70,173,-
BRDA:23,72,194,-
BRDA:23,72,210,-
BRDA:23,74,231,-
BRDA:23,74,247,-
BRDA:23,76,268,-
BRDA:23,76,284,-
BRDA:23,78,305,-
BRDA:23,78,321,-
BRDA:23,80,43,-
BRDA:52,82,17,-
BRDA:52,82,33,-
BRDA:23,84,45,-
BRDA:23,84,46,-
BRDA:87,85,89,-
BRDA:88,86,69,-
BRDA:88,86,85,-
BRDA:23,88,89,-
BRDA:52,89,95,-
BRDA:13,90,99,-
BRDA:13,90,485,-
BRDA:14,91,128,-
BRDA:14,91,129,-
BRDA:87,92,172,-
BRDA:88,93,152,-
BRDA:88,93,168,-
BRDA:23,95,172,-
BRDA:98,96,180,-
BRDA:98,96,181,-
BRDA:87,97,224,-
BRDA:88,98,204,-
BRDA:88,98,220,-
BRDA:23,100,224,-
BRDA:99,101,232,-
BRDA:99,101,233,-
BRDA:87,102,276,-
BRDA:88,103,256,-
BRDA:88,103,272,-
BRDA:23,105,276,-
BRDA:100,106,284,-
BRDA:100,106,285,-
BRDA:87,107,328,-
BRDA:88,108,308,-
BRDA:88,108,324,-
BRDA:23,110,328,-
BRDA:101,111,336,-
BRDA:101,111,337,-
BRDA:87,112,380,-
BRDA:88,113,360,-
BRDA:88,113,376,-
BRDA:23,115,380,-
BRDA:102,116,388,-
BRDA:102,116,389,-
BRDA:87,117,432,-
BRDA:88,118,412,-
BRDA:88,118,428,-
BRDA:23,120,432,-
BRDA:103,121,440,-
BRDA:103,121,441,-
BRDA:87,122,95,-
BRDA:88,123,464,-
BRDA:88,123,480,-
BRDA:23,125,95,-
BRDA:62,128,6,-
BRDA:13,129,10,-
BRDA:13,129,242,-
BRDA:14,130,46,-
BRDA:14,130,62,-
BRDA:23,132,81,-
BRDA:23,132,97,-
BRDA:23,134,116,-
BRDA:23,134,132,-
BRDA:23,136,151,-
BRDA:23,136,167,-
BRDA:23,138,186,-
BRDA:23,138,202,-
BRDA:23,140,221,-
BRDA:23,140,237,-
BRDA:23,142,6,-
BRDA:129,143,257,-
BRDA:129,143,273,-
BRDA:23,145,292,-
BRDA:23,145,308,-
BRDA:23,147,320,-
BRDA:111,148,324,-
BRDA:111,148,333,-
BRDA:112,149,320,-
BRDA:115,150,344,-
BRDA:115,150,360,-
BRDA:23,152,372,-
BRDA:111,153,376,-
BRDA:111,153,385,-
BRDA:112,154,372,-
BRDA:115,155,396,-
BRDA:115,155,412,-
BRDA:23,157,424,-
BRDA:111,158,428,-
BRDA:111,158,437,-
BRDA:112,159,424,-
BRDA:115,160,448,-
BRDA:115,160,464,-
BRDA:23,162,476,-
BRDA:111,163,480,-
BRDA:111,163,489,-
BRDA:112,164,476,-
BRDA:115,165,500,-
BRDA:115,165,516,-
BRDA:77,169,11,-
BRDA:13,170,15,-
BRDA:13,170,126,-
BRDA:14,171,45,-
BRDA:14,171,46,-
BRDA:146,172,48,-
BRDA:147,174,57,-
BRDA:147,174,58,-
BRDA:148,175,60,-
BRDA:149,177,69,-
BRDA:149,177,70,-
BRDA:150,178,72,-
BRDA:152,180,76,-
BRDA:152,180,77,-
BRDA:152,181,11,-
BRDA:153,182,87,-
BRDA:153,182,88,-
BRDA:153,183,90,-
BRDA:155,185,94,-
BRDA:155,185,95,-
BRDA:155,186,11,-
BRDA:156,187,105,-
BRDA:156,187,106,-
BRDA:156,188,108,-
BRDA:158,190,112,-
BRDA:158,190,113,-
BRDA:158,191,11,-
BRDA:159,192,123,-
BRDA:159,192,124,-
BRDA:159,193,11,-
BRDA:76,195,132,-
BRDA:13,196,136,-
BRDA:13,196,266,-
BRDA:14,197,173,-
BRDA:14,197,189,-
BRDA:23,199,209,-
BRDA:23,199,225,-
BRDA:23,201,245,-
BRDA:23,201,261,-
BRDA:23,203,132,-
BRDA:172,204,268,-
BRDA:173,205,272,-
BRDA:173,205,330,-
BRDA:174,206,287,-
BRDA:179,207,268,-
BRDA:179,207,291,-
BRDA:180,208,305,-
BRDA:180,208,321,-
BRDA:23,210,287,-
BRDA:187,212,15,-
BRDA:187,212,31,-
BRDA:23,214,50,-
BRDA:23,214,66,-
BRDA:23,216,85,-
BRDA:23,216,101,-
BRDA:23,218,119,-
BRDA:23,218,135,-
BRDA:23,220,153,-
BRDA:23,220,169,-
BRDA:196,223,15,-
BRDA:196,223,31,-
BRDA:23,225,50,-
BRDA:23,225,66,-
BRDA:23,227,85,-
BRDA:23,227,101,-
BRDA:23,229,119,-
BRDA:23,229,135,-
BRDA:23,231,153,-
BRDA:23,231,169,-
BRDA:205,234,15,-
BRDA:205,234,31,-
BRDA:23,236,50,-
BRDA:23,236,66,-
BRDA:23,238,85,-
BRDA:23,238,101,-
BRDA:23,240,119,-
BRDA:23,240,135,-
BRDA:23,242,153,-
BRDA:23,242,169,-
BRDA:214,245,15,-
BRDA:214,245,31,-
BRDA:23,247,50,-
BRDA:23,247,66,-
BRDA:23,249,85,-
BRDA:23,249,101,-
BRDA:23,251,119,-
BRDA:23,251,135,-
BRDA:23,253,153,-
BRDA:23,253,169,-
BRDA:240,256,15,-
BRDA:240,256,31,-
BRDA:23,258,50,-
BRDA:23,258,66,-
BRDA:23,260,85,-
BRDA:23,260,101,-
BRDA:23,262,120,-
BRDA:23,262,136,-
BRDA:23,264,155,-
BRDA:23,264,171,-
BRDA:23,266,190,-
BRDA:23,266,206,-
BRDA:23,268,227,-
BRDA:23,268,243,-
BRDA:23,270,266,-
BRDA:23,270,282,-
BRDA:23,272,301,-
BRDA:23,272,317,-
BRDA:23,274,336,-
BRDA:23,274,352,-
BRDA:111,277,8,-
BRDA:111,277,12,-
BRDA:111,279,18,-
BRDA:13,280,22,-
BRDA:13,280,125,-
BRDA:14,281,47,-
BRDA:14,281,48,-
BRDA:275,282,18,-
BRDA:276,283,54,-
BRDA:276,283,59,-
BRDA:90,284,55,-
BRDA:277,286,65,-
BRDA:277,286,66,-
BRDA:103,287,70,-
BRDA:279,289,74,-
BRDA:279,289,75,-
BRDA:279,290,18,-
BRDA:280,291,83,-
BRDA:280,291,87,-
BRDA:281,293,95,-
BRDA:281,293,99,-
BRDA:282,295,107,-
BRDA:282,295,108,-
BRDA:103,296,112,-
BRDA:283,298,120,-
BRDA:283,298,121,-
BRDA:103,299,18,-
BRDA:287,301,135,-
BRDA:287,301,136,-
BRDA:103,302,148,-
BRDA:105,303,142,-
BRDA:105,303,143,-
BRDA:106,304,148,-
BRDA:107,305,136,-
BRDA:291,306,154,-
BRDA:13,307,158,-
BRDA:13,307,1098,-
BRDA:14,308,189,-
BRDA:90,309,193,-
BRDA:90,309,204,-
BRDA:91,310,189,-
BRDA:252,311,227,-
BRDA:252,311,243,-
BRDA:23,313,259,-
BRDA:23,313,260,-
BRDA:103,314,276,-
BRDA:105,315,270,-
BRDA:105,315,271,-
BRDA:106,316,276,-
BRDA:107,317,260,-
BRDA:256,318,297,-
BRDA:256,318,313,-
BRDA:23,320,327,-
BRDA:90,321,331,-
BRDA:90,321,342,-
BRDA:91,322,327,-
BRDA:262,323,381,-
BRDA:262,323,397,-
BRDA:23,325,411,-
BRDA:23,325,412,-
BRDA:103,326,428,-
BRDA:105,327,422,-
BRDA:105,327,423,-
BRDA:106,328,428,-
BRDA:107,329,412,-
BRDA:266,330,465,-
BRDA:266,330,481,-
BRDA:23,332,495,-
BRDA:90,333,499,-
BRDA:90,333,510,-
BRDA:91,334,495,-
BRDA:252,335,533,-
BRDA:252,335,549,-
BRDA:23,337,565,-
BRDA:23,337,566,-
BRDA:103,338,582,-
BRDA:105,339,576,-
BRDA:105,339,577,-
BRDA:106,340,582,-
BRDA:107,341,566,-
BRDA:256,342,603,-
BRDA:256,342,619,-
BRDA:23,344,633,-
BRDA:90,345,637,-
BRDA:90,345,648,-
BRDA:91,346,633,-
BRDA:262,347,687,-
BRDA:262,347,703,-
BRDA:23,349,717,-
BRDA:23,349,718,-
BRDA:103,350,734,-
BRDA:105,351,728,-
BRDA:105,351,729,-
BRDA:106,352,734,-
BRDA:107,353,718,-
BRDA:266,354,771,-
BRDA:266,354,787,-
BRDA:23,356,801,-
BRDA:90,357,805,-
BRDA:90,357,816,-
BRDA:91,358,801,-
BRDA:252,359,839,-
BRDA:252,359,855,-
BRDA:23,361,871,-
BRDA:23,361,872,-
BRDA:103,362,888,-
BRDA:105,363,882,-
BRDA:105,363,883,-
BRDA:106,364,888,-
BRDA:107,365,872,-
BRDA:256,366,909,-
BRDA:256,366,925,-
BRDA:23,368,939,-
BRDA:90,369,943,-
BRDA:90,369,954,-
BRDA:91,370,939,-
BRDA:262,371,993,-
BRDA:262,371,1009,-
BRDA:23,373,1023,-
BRDA:23,373,1024,-
BRDA:103,374,1040,-
BRDA:105,375,1034,-
BRDA:105,375,1035,-
BRDA:106,376,1040,-
BRDA:107,377,1024,-
BRDA:266,378,1077,-
BRDA:266,378,1093,-
BRDA:23,380,154,-
end_of_record
SF:/Users/timothyzakian/sui/main/external-crates/move/crates/move-stdlib/sources/u16.move
FNF:9
FNH:0
LF:56
LH:0
BRF:45
BRH:0
FN:12,bitwise_not
FN:27,diff
FN:32,divide_and_round_up
FN:17,max
FN:22,min
FN:37,pow
FN:66,sqrt
FN:75,to_string
FN:71,try_as_u8
BRDA:17,1,8,-
BRDA:17,1,11,-
BRDA:12,2,13,-
BRDA:13,3,13,-
BRDA:22,5,8,-
BRDA:22,5,11,-
BRDA:19,6,13,-
BRDA:20,7,13,-
BRDA:27,9,8,-
BRDA:27,9,13,-
BRDA:26,10,17,-
BRDA:27,11,17,-
BRDA:32,13,10,-
BRDA:32,13,15,-
BRDA:33,14,21,-
BRDA:34,15,21,-
BRDA:37,17,6,-
BRDA:41,18,10,-
BRDA:41,18,35,-
BRDA:41,19,11,-
BRDA:42,20,17,-
BRDA:42,20,26,-
BRDA:43,21,6,-
BRDA:46,22,6,-
BRDA:66,24,9,-
BRDA:60,25,13,-
BRDA:60,25,42,-
BRDA:60,26,14,-
BRDA:61,27,20,-
BRDA:61,27,33,-
BRDA:62,28,37,-
BRDA:65,29,37,-
BRDA:67,30,9,-
BRDA:71,32,6,-
BRDA:71,32,9,-
BRDA:121,33,13,-
BRDA:122,34,13,-
BRDA:75,36,6,-
BRDA:75,36,10,-
BRDA:76,37,34,-
BRDA:78,38,12,-
BRDA:79,39,16,-
BRDA:79,39,29,-
BRDA:80,40,12,-
BRDA:83,41,34,-
end_of_record
SF:/Users/timothyzakian/sui/main/external-crates/move/crates/move-stdlib/tests/u16_tests.move
FNF:12
FNH:0
LF:172
LH:0
BRF:386
BRH:0
FN:32,test_bitwise_not
FN:47,test_diff
FN:52,test_divide_and_round_up
FN:57,test_divide_and_round_up_error
FN:96,test_dos
FN:37,test_max
FN:42,test_min
FN:62,test_pow
FN:69,test_pow_overflow
FN:74,test_sqrt
FN:87,test_to_string
FN:82,test_try_as_u8
BRDA:32,0,16,-
BRDA:32,0,32,-
BRDA:23,2,42,-
BRDA:13,3,46,-
BRDA:13,3,497,-
BRDA:14,4,82,-
BRDA:14,4,98,-
BRDA:23,6,118,-
BRDA:23,6,134,-
BRDA:23,8,154,-
BRDA:23,8,170,-
BRDA:23,10,190,-
BRDA:23,10,206,-
BRDA:23,12,225,-
BRDA:23,12,241,-
BRDA:23,14,261,-
BRDA:23,14,277,-
BRDA:23,16,297,-
BRDA:23,16,313,-
BRDA:23,18,333,-
BRDA:23,18,349,-
BRDA:23,20,368,-
BRDA:23,20,384,-
BRDA:23,22,404,-
BRDA:23,22,420,-
BRDA:23,24,440,-
BRDA:23,24,456,-
BRDA:23,26,476,-
BRDA:23,26,492,-
BRDA:23,28,42,-
BRDA:37,30,17,-
BRDA:37,30,33,-
BRDA:23,32,43,-
BRDA:13,33,47,-
BRDA:13,33,244,-
BRDA:14,34,83,-
BRDA:14,34,99,-
BRDA:23,36,118,-
BRDA:23,36,134,-
BRDA:23,38,153,-
BRDA:23,38,169,-
BRDA:23,40,188,-
BRDA:23,40,204,-
BRDA:23,42,223,-
BRDA:23,42,239,-
BRDA:23,44,43,-
BRDA:42,46,17,-
BRDA:42,46,33,-
BRDA:23,48,43,-
BRDA:13,49,47,-
BRDA:13,49,244,-
BRDA:14,50,83,-
BRDA:14,50,99,-
BRDA:23,52,118,-
BRDA:23,52,134,-
BRDA:23,54,153,-
BRDA:23,54,169,-
BRDA:23,56,188,-
BRDA:23,56,204,-
BRDA:23,58,223,-
BRDA:23,58,239,-
BRDA:23,60,43,-
BRDA:47,62,17,-
BRDA:47,62,33,-
BRDA:23,64,43,-
BRDA:13,65,47,-
BRDA:13,65,326,-
BRDA:14,66,85,-
BRDA:14,66,101,-
BRDA:23,68,122,-
BRDA:23,68,138,-
BRDA:23,70,157,-
BRDA:23,70,173,-
BRDA:23,72,194,-
BRDA:23,72,210,-
BRDA:23,74,231,-
BRDA:23,74,247,-
BRDA:23,76,268,-
BRDA:23,76,284,-
BRDA:23,78,305,-
BRDA:23,78,321,-
BRDA:23,80,43,-
BRDA:52,82,17,-
BRDA:52,82,33,-
BRDA:23,84,45,-
BRDA:23,84,46,-
BRDA:87,85,89,-
BRDA:88,86,69,-
BRDA:88,86,85,-
BRDA:23,88,89,-
BRDA:52,89,95,-
BRDA:13,90,99,-
BRDA:13,90,485,-
BRDA:14,91,128,-
BRDA:14,91,129,-
BRDA:87,92,172,-
BRDA:88,93,152,-
BRDA:88,93,168,-
BRDA:23,95,172,-
BRDA:98,96,180,-
BRDA:98,96,181,-
BRDA:87,97,224,-
BRDA:88,98,204,-
BRDA:88,98,220,-
BRDA:23,100,224,-
BRDA:99,101,232,-
BRDA:99,101,233,-
BRDA:87,102,276,-
BRDA:88,103,256,-
BRDA:88,103,272,-
BRDA:23,105,276,-
BRDA:100,106,284,-
BRDA:100,106,285,-
BRDA:87,107,328,-
BRDA:88,108,308,-
BRDA:88,108,324,-
BRDA:23,110,328,-
BRDA:101,111,336,-
BRDA:101,111,337,-
BRDA:87,112,380,-
BRDA:88,113,360,-
BRDA:88,113,376,-
BRDA:23,115,380,-
BRDA:102,116,388,-
BRDA:102,116,389,-
BRDA:87,117,432,-
BRDA:88,118,412,-
BRDA:88,118,428,-
BRDA:23,120,432,-
BRDA:103,121,440,-
BRDA:103,121,441,-
BRDA:87,122,95,-
BRDA:88,123,464,-
BRDA:88,123,480,-
BRDA:23,125,95,-
BRDA:62,128,6,-
BRDA:13,129,10,-
BRDA:13,129,242,-
BRDA:14,130,46,-
BRDA:14,130,62,-
BRDA:23,132,81,-
BRDA:23,132,97,-
BRDA:23,134,116,-
BRDA:23,134,132,-
BRDA:23,136,151,-
BRDA:23,136,167,-
BRDA:23,138,186,-
BRDA:23,138,202,-
BRDA:23,140,221,-
BRDA:23,140,237,-
BRDA:23,142,6,-
BRDA:129,143,257,-
BRDA:129,143,273,-
BRDA:23,145,292,-
BRDA:23,145,308,-
BRDA:23,147,320,-
BRDA:111,148,324,-
BRDA:111,148,333,-
BRDA:112,149,320,-
BRDA:115,150,344,-
BRDA:115,150,360,-
BRDA:23,152,372,-
BRDA:111,153,376,-
BRDA:111,153,385,-
BRDA:112,154,372,-
BRDA:115,155,396,-
BRDA:115,155,412,-
BRDA:23,157,424,-
BRDA:111,158,428,-
BRDA:111,158,437,-
BRDA:112,159,424,-
BRDA:115,160,448,-
BRDA:115,160,464,-
BRDA:23,162,476,-
BRDA:111,163,480,-
BRDA:111,163,489,-
BRDA:112,164,476,-
BRDA:115,165,500,-
BRDA:115,165,516,-
BRDA:77,169,11,-
BRDA:13,170,15,-
BRDA:13,170,126,-
BRDA:14,171,45,-
BRDA:14,171,46,-
BRDA:146,172,48,-
BRDA:147,174,57,-
BRDA:147,174,58,-
BRDA:148,175,60,-
BRDA:149,177,69,-
BRDA:149,177,70,-
BRDA:150,178,72,-
BRDA:152,180,76,-
BRDA:152,180,77,-
BRDA:152,181,11,-
BRDA:153,182,87,-
BRDA:153,182,88,-
BRDA:153,183,90,-
BRDA:155,185,94,-
BRDA:155,185,95,-
BRDA:155,186,11,-
BRDA:156,187,105,-
BRDA:156,187,106,-
BRDA:156,188,108,-
BRDA:158,190,112,-
BRDA:158,190,113,-
BRDA:158,191,11,-
BRDA:159,192,123,-
BRDA:159,192,124,-
BRDA:159,193,11,-
BRDA:76,195,132,-
BRDA:13,196,136,-
BRDA:13,196,266,-
BRDA:14,197,173,-
BRDA:14,197,189,-
BRDA:23,199,209,-
BRDA:23,199,225,-
BRDA:23,201,245,-
BRDA:23,201,261,-
BRDA:23,203,132,-
BRDA:172,204,268,-
BRDA:173,205,272,-
BRDA:173,205,330,-
BRDA:174,206,287,-
BRDA:179,207,268,-
BRDA:179,207,291,-
BRDA:180,208,305,-
BRDA:180,208,321,-
BRDA:23,210,287,-
BRDA:187,212,15,-
BRDA:187,212,31,-
BRDA:23,214,50,-
BRDA:23,214,66,-
BRDA:23,216,85,-
BRDA:23,216,101,-
BRDA:23,218,119,-
BRDA:23,218,135,-
BRDA:23,220,153,-
BRDA:23,220,169,-
BRDA:240,223,15,-
BRDA:240,223,31,-
BRDA:23,225,50,-
BRDA:23,225,66,-
BRDA:23,227,85,-
BRDA:23,227,101,-
BRDA:23,229,120,-
BRDA:23,229,136,-
BRDA:23,231,155,-
BRDA:23,231,171,-
BRDA:23,233,190,-
BRDA:23,233,206,-
BRDA:23,235,227,-
BRDA:23,235,243,-
BRDA:23,237,266,-
BRDA:23,237,282,-
BRDA:23,239,301,-
BRDA:23,239,317,-
BRDA:23,241,336,-
BRDA:23,241,352,-
BRDA:96,244,8,-
BRDA:96,244,12,-
BRDA:96,246,18,-
BRDA:13,247,22,-
BRDA:13,247,125,-
BRDA:14,248,47,-
BRDA:14,248,48,-
BRDA:275,249,18,-
BRDA:276,250,54,-
BRDA:276,250,59,-
BRDA:90,251,55,-
BRDA:277,253,65,-
BRDA:277,253,66,-
BRDA:103,254,70,-
BRDA:279,256,74,-
BRDA:279,256,75,-
BRDA:279,257,18,-
BRDA:280,258,83,-
BRDA:280,258,87,-
BRDA:281,260,95,-
BRDA:281,260,99,-
BRDA:282,262,107,-
BRDA:282,262,108,-
BRDA:103,263,112,-
BRDA:283,265,120,-
BRDA:283,265,121,-
BRDA:103,266,18,-
BRDA:287,268,135,-
BRDA:287,268,136,-
BRDA:103,269,148,-
BRDA:105,270,142,-
BRDA:105,270,143,-
BRDA:106,271,148,-
BRDA:107,272,136,-
BRDA:291,273,154,-
BRDA:13,274,158,-
BRDA:13,274,1098,-
BRDA:14,275,189,-
BRDA:90,276,193,-
BRDA:90,276,204,-
BRDA:91,277,189,-
BRDA:252,278,227,-
BRDA:252,278,243,-
BRDA:23,280,259,-
BRDA:23,280,260,-
BRDA:103,281,276,-
BRDA:105,282,270,-
BRDA:105,282,271,-
BRDA:106,283,276,-
BRDA:107,284,260,-
BRDA:256,285,297,-
BRDA:256,285,313,-
BRDA:23,287,327,-
BRDA:90,288,331,-
BRDA:90,288,342,-
BRDA:91,289,327,-
BRDA:262,290,381,-
BRDA:262,290,397,-
BRDA:23,292,411,-
BRDA:23,292,412,-
BRDA:103,293,428,-
BRDA:105,294,422,-
BRDA:105,294,423,-
BRDA:106,295,428,-
BRDA:107,296,412,-
BRDA:266,297,465,-
BRDA:266,297,481,-
BRDA:23,299,495,-
BRDA:90,300,499,-
BRDA:90,300,510,-
BRDA:91,301,495,-
BRDA:252,302,533,-
BRDA:252,302,549,-
BRDA:23,304,565,-
BRDA:23,304,566,-
BRDA:103,305,582,-
BRDA:105,306,576,-
BRDA:105,306,577,-
BRDA:106,307,582,-
BRDA:107,308,566,-
BRDA:256,309,603,-
BRDA:256,309,619,-
BRDA:23,311,633,-
BRDA:90,312,637,-
BRDA:90,312,648,-
BRDA:91,313,633,-
BRDA:262,314,687,-
BRDA:262,314,703,-
BRDA:23,316,717,-
BRDA:23,316,718,-
BRDA:103,317,734,-
BRDA:105,318,728,-
BRDA:105,318,729,-
BRDA:106,319,734,-
BRDA:107,320,718,-
BRDA:266,321,771,-
BRDA:266,321,787,-
BRDA:23,323,801,-
BRDA:90,324,805,-
BRDA:90,324,816,-
BRDA:91,325,801,-
BRDA:252,326,839,-
BRDA:252,326,855,-
BRDA:23,328,871,-
BRDA:23,328,872,-
BRDA:103,329,888,-
BRDA:105,330,882,-
BRDA:105,330,883,-
BRDA:106,331,888,-
BRDA:107,332,872,-
BRDA:256,333,909,-
BRDA:256,333,925,-
BRDA:23,335,939,-
BRDA:90,336,943,-
BRDA:90,336,954,-
BRDA:91,337,939,-
BRDA:262,338,993,-
BRDA:262,338,1009,-
BRDA:23,340,1023,-
BRDA:23,340,1024,-
BRDA:103,341,1040,-
BRDA:105,342,1034,-
BRDA:105,342,1035,-
BRDA:106,343,1040,-
BRDA:107,344,1024,-
BRDA:266,345,1077,-
BRDA:266,345,1093,-
BRDA:23,347,154,-
end_of_record
SF:/Users/timothyzakian/sui/main/external-crates/move/crates/move-stdlib/sources/u256.move
FNF:12
FNH:0
LF:63
LH:0
BRF:52
BRH:0
FN:12,bitwise_not
FN:27,diff
FN:32,divide_and_round_up
FN:17,max
FN:22,min
FN:37,pow
FN:66,to_string
FN:62,try_as_u128
FN:47,try_as_u16
FN:52,try_as_u32
FN:57,try_as_u64
FN:42,try_as_u8
BRDA:17,1,8,-
BRDA:17,1,11,-
BRDA:12,2,13,-
BRDA:13,3,13,-
BRDA:22,5,8,-
BRDA:22,5,11,-
BRDA:19,6,13,-
BRDA:20,7,13,-
BRDA:27,9,8,-
BRDA:27,9,13,-
BRDA:26,10,17,-
BRDA:27,11,17,-
BRDA:32,13,10,-
BRDA:32,13,15,-
BRDA:33,14,21,-
BRDA:34,15,21,-
BRDA:37,17,6,-
BRDA:41,18,10,-
BRDA:41,18,35,-
BRDA:41,19,11,-
BRDA:42,20,17,-
BRDA:42,20,26,-
BRDA:43,21,6,-
BRDA:46,22,6,-
BRDA:42,24,6,-
BRDA:42,24,9,-
BRDA:121,25,13,-
BRDA:122,26,13,-
BRDA:47,28,6,-
BRDA:47,28,9,-
BRDA:127,29,13,-
BRDA:128,30,13,-
BRDA:52,32,6,-
BRDA:52,32,9,-
BRDA:133,33,13,-
BRDA:134,34,13,-
BRDA:57,36,6,-
BRDA:57,36,9,-
BRDA:139,37,13,-
BRDA:140,38,13,-
BRDA:62,40,6,-
BRDA:62,40,9,-
BRDA:145,41,13,-
BRDA:146,42,13,-
BRDA:66,44,6,-
BRDA:66,44,10,-
BRDA:76,45,34,-
BRDA:78,46,12,-
BRDA:79,47,16,-
BRDA:79,47,29,-
BRDA:80,48,12,-
BRDA:83,49,34,-
end_of_record
SF:/Users/timothyzakian/sui/main/external-crates/move/crates/move-stdlib/tests/u256_tests.move
FNF:14
FNH:0
LF:161
LH:0
BRF:367
BRH:0
FN:32,test_bitwise_not
FN:47,test_diff
FN:52,test_divide_and_round_up
FN:57,test_divide_and_round_up_error
FN:115,test_dos
FN:37,test_max
FN:42,test_min
FN:62,test_pow
FN:69,test_pow_overflow
FN:94,test_to_string
FN:79,test_try_as_u16
FN:84,test_try_as_u32
FN:89,test_try_as_u64
FN:74,test_try_as_u8
BRDA:32,0,16,-
BRDA:32,0,32,-
BRDA:23,2,42,-
BRDA:13,3,46,-
BRDA:13,3,497,-
BRDA:14,4,82,-
BRDA:14,4,98,-
BRDA:23,6,118,-
BRDA:23,6,134,-
BRDA:23,8,154,-
BRDA:23,8,170,-
BRDA:23,10,190,-
BRDA:23,10,206,-
BRDA:23,12,225,-
BRDA:23,12,241,-
BRDA:23,14,261,-
BRDA:23,14,277,-
BRDA:23,16,297,-
BRDA:23,16,313,-
BRDA:23,18,333,-
BRDA:23,18,349,-
BRDA:23,20,368,-
BRDA:23,20,384,-
BRDA:23,22,404,-
BRDA:23,22,420,-
BRDA:23,24,440,-
BRDA:23,24,456,-
BRDA:23,26,476,-
BRDA:23,26,492,-
BRDA:23,28,42,-
BRDA:37,30,17,-
BRDA:37,30,33,-
BRDA:23,32,43,-
BRDA:13,33,47,-
BRDA:13,33,244,-
BRDA:14,34,83,-
BRDA:14,34,99,-
BRDA:23,36,118,-
BRDA:23,36,134,-
BRDA:23,38,153,-
BRDA:23,38,169,-
BRDA:23,40,188,-
BRDA:23,40,204,-
BRDA:23,42,223,-
BRDA:23,42,239,-
BRDA:23,44,43,-
BRDA:42,46,17,-
BRDA:42,46,33,-
BRDA:23,48,43,-
BRDA:13,49,47,-
BRDA:13,49,244,-
BRDA:14,50,83,-
BRDA:14,50,99,-
BRDA:23,52,118,-
BRDA:23,52,134,-
BRDA:23,54,153,-
BRDA:23,54,169,-
BRDA:23,56,188,-
BRDA:23,56,204,-
BRDA:23,58,223,-
BRDA:23,58,239,-
BRDA:23,60,43,-
BRDA:47,62,17,-
BRDA:47,62,33,-
BRDA:23,64,43,-
BRDA:13,65,47,-
BRDA:13,65,326,-
BRDA:14,66,85,-
BRDA:14,66,101,-
BRDA:23,68,122,-
BRDA:23,68,138,-
BRDA:23,70,157,-
BRDA:23,70,173,-
BRDA:23,72,194,-
BRDA:23,72,210,-
BRDA:23,74,231,-
BRDA:23,74,247,-
BRDA:23,76,268,-
BRDA:23,76,284,-
BRDA:23,78,305,-
BRDA:23,78,321,-
BRDA:23,80,43,-
BRDA:52,82,17,-
BRDA:52,82,33,-
BRDA:23,84,45,-
BRDA:23,84,46,-
BRDA:87,85,89,-
BRDA:88,86,69,-
BRDA:88,86,85,-
BRDA:23,88,89,-
BRDA:52,89,95,-
BRDA:13,90,99,-
BRDA:13,90,485,-
BRDA:14,91,128,-
BRDA:14,91,129,-
BRDA:87,92,172,-
BRDA:88,93,152,-
BRDA:88,93,168,-
BRDA:23,95,172,-
BRDA:98,96,180,-
BRDA:98,96,181,-
BRDA:87,97,224,-
BRDA:88,98,204,-
BRDA:88,98,220,-
BRDA:23,100,224,-
BRDA:99,101,232,-
BRDA:99,101,233,-
BRDA:87,102,276,-
BRDA:88,103,256,-
BRDA:88,103,272,-
BRDA:23,105,276,-
BRDA:100,106,284,-
BRDA:100,106,285,-
BRDA:87,107,328,-
BRDA:88,108,308,-
BRDA:88,108,324,-
BRDA:23,110,328,-
BRDA:101,111,336,-
BRDA:101,111,337,-
BRDA:87,112,380,-
BRDA:88,113,360,-
BRDA:88,113,376,-
BRDA:23,115,380,-
BRDA:102,116,388,-
BRDA:102,116,389,-
BRDA:87,117,432,-
BRDA:88,118,412,-
BRDA:88,118,428,-
BRDA:23,120,432,-
BRDA:103,121,440,-
BRDA:103,121,441,-
BRDA:87,122,95,-
BRDA:88,123,464,-
BRDA:88,123,480,-
BRDA:23,125,95,-
BRDA:62,128,6,-
BRDA:13,129,10,-
BRDA:13,129,242,-
BRDA:14,130,46,-
BRDA:14,130,62,-
BRDA:23,132,81,-
BRDA:23,132,97,-
BRDA:23,134,116,-
BRDA:23,134,132,-
BRDA:23,136,151,-
BRDA:23,136,167,-
BRDA:23,138,186,-
BRDA:23,138,202,-
BRDA:23,140,221,-
BRDA:23,140,237,-
BRDA:23,142,6,-
BRDA:129,143,257,-
BRDA:129,143,273,-
BRDA:23,145,292,-
BRDA:23,145,308,-
BRDA:23,147,320,-
BRDA:111,148,324,-
BRDA:111,148,333,-
BRDA:112,149,320,-
BRDA:115,150,344,-
BRDA:115,150,360,-
BRDA:23,152,372,-
BRDA:111,153,376,-
BRDA:111,153,385,-
BRDA:112,154,372,-
BRDA:115,155,396,-
BRDA:115,155,412,-
BRDA:23,157,424,-
BRDA:111,158,428,-
BRDA:111,158,437,-
BRDA:112,159,424,-
BRDA:115,160,448,-
BRDA:115,160,464,-
BRDA:23,162,476,-
BRDA:111,163,480,-
BRDA:111,163,489,-
BRDA:112,164,476,-
BRDA:115,165,500,-
BRDA:115,165,516,-
BRDA:187,169,15,-
BRDA:187,169,31,-
BRDA:23,171,50,-
BRDA:23,171,66,-
BRDA:23,173,85,-
BRDA:23,173,101,-
BRDA:23,175,119,-
BRDA:23,175,135,-
BRDA:23,177,153,-
BRDA:23,177,169,-
BRDA:196,180,15,-
BRDA:196,180,31,-
BRDA:23,182,50,-
BRDA:23,182,66,-
BRDA:23,184,85,-
BRDA:23,184,101,-
BRDA:23,186,119,-
BRDA:23,186,135,-
BRDA:23,188,153,-
BRDA:23,188,169,-
BRDA:205,191,15,-
BRDA:205,191,31,-
BRDA:23,193,50,-
BRDA:23,193,66,-
BRDA:23,195,85,-
BRDA:23,195,101,-
BRDA:23,197,119,-
BRDA:23,197,135,-
BRDA:23,199,153,-
BRDA:23,199,169,-
BRDA:214,202,15,-
BRDA:214,202,31,-
BRDA:23,204,50,-
BRDA:23,204,66,-
BRDA:23,206,85,-
BRDA:23,206,101,-
BRDA:23,208,119,-
BRDA:23,208,135,-
BRDA:23,210,153,-
BRDA:23,210,169,-
BRDA:240,213,15,-
BRDA:240,213,31,-
BRDA:23,215,50,-
BRDA:23,215,66,-
BRDA:23,217,85,-
BRDA:23,217,101,-
BRDA:23,219,120,-
BRDA:23,219,136,-
BRDA:23,221,155,-
BRDA:23,221,171,-
BRDA:23,223,190,-
BRDA:23,223,206,-
BRDA:23,225,227,-
BRDA:23,225,243,-
BRDA:23,227,266,-
BRDA:23,227,282,-
BRDA:23,229,301,-
BRDA:23,229,317,-
BRDA:23,231,336,-
BRDA:23,231,352,-
BRDA:115,234,8,-
BRDA:115,234,12,-
BRDA:115,236,18,-
BRDA:13,237,22,-
BRDA:13,237,125,-
BRDA:14,238,47,-
BRDA:14,238,48,-
BRDA:275,239,18,-
BRDA:276,240,54,-
BRDA:276,240,59,-
BRDA:90,241,55,-
BRDA:277,243,65,-
BRDA:277,243,66,-
BRDA:103,244,70,-
BRDA:279,246,74,-
BRDA:279,246,75,-
BRDA:279,247,18,-
BRDA:280,248,83,-
BRDA:280,248,87,-
BRDA:281,250,95,-
BRDA:281,250,99,-
BRDA:282,252,107,-
BRDA:282,252,108,-
BRDA:103,253,112,-
BRDA:283,255,120,-
BRDA:283,255,121,-
BRDA:103,256,18,-
BRDA:287,258,135,-
BRDA:287,258,136,-
BRDA:103,259,148,-
BRDA:105,260,142,-
BRDA:105,260,143,-
BRDA:106,261,148,-
BRDA:107,262,136,-
BRDA:291,263,154,-
BRDA:13,264,158,-
BRDA:13,264,1098,-
BRDA:14,265,189,-
BRDA:90,266,193,-
BRDA:90,266,204,-
BRDA:91,267,189,-
BRDA:252,268,227,-
BRDA:252,268,243,-
BRDA:23,270,259,-
BRDA:23,270,260,-
BRDA:103,271,276,-
BRDA:105,272,270,-
BRDA:105,272,271,-
BRDA:106,273,276,-
BRDA:107,274,260,-
BRDA:256,275,297,-
BRDA:256,275,313,-
BRDA:23,277,327,-
BRDA:90,278,331,-
BRDA:90,278,342,-
BRDA:91,279,327,-
BRDA:262,280,381,-
BRDA:262,280,397,-
BRDA:23,282,411,-
BRDA:23,282,412,-
BRDA:103,283,428,-
BRDA:105,284,422,-
BRDA:105,284,423,-
BRDA:106,285,428,-
BRDA:107,286,412,-
BRDA:266,287,465,-
BRDA:266,287,481,-
BRDA:23,289,495,-
BRDA:90,290,499,-
BRDA:90,290,510,-
BRDA:91,291,495,-
BRDA:252,292,533,-
BRDA:252,292,549,-
BRDA:23,294,565,-
BRDA:23,294,566,-
BRDA:103,295,582,-
BRDA:105,296,576,-
BRDA:105,296,577,-
BRDA:106,297,582,-
BRDA:107,298,566,-
BRDA:256,299,603,-
BRDA:256,299,619,-
BRDA:23,301,633,-
BRDA:90,302,637,-
BRDA:90,302,648,-
BRDA:91,303,633,-
BRDA:262,304,687,-
BRDA:262,304,703,-
BRDA:23,306,717,-
BRDA:23,306,718,-
BRDA:103,307,734,-
BRDA:105,308,728,-
BRDA:105,308,729,-
BRDA:106,309,734,-
BRDA:107,310,718,-
BRDA:266,311,771,-
BRDA:266,311,787,-
BRDA:23,313,801,-
BRDA:90,314,805,-
BRDA:90,314,816,-
BRDA:91,315,801,-
BRDA:252,316,839,-
BRDA:252,316,855,-
BRDA:23,318,871,-
BRDA:23,318,872,-
BRDA:103,319,888,-
BRDA:105,320,882,-
BRDA:105,320,883,-
BRDA:106,321,888,-
BRDA:107,322,872,-
BRDA:256,323,909,-
BRDA:256,323,925,-
BRDA:23,325,939,-
BRDA:90,326,943,-
BRDA:90,326,954,-
BRDA:91,327,939,-
BRDA:262,328,993,-
BRDA:262,328,1009,-
BRDA:23,330,1023,-
BRDA:23,330,1024,-
BRDA:103,331,1040,-
BRDA:105,332,1034,-
BRDA:105,332,1035,-
BRDA:106,333,1040,-
BRDA:107,334,1024,-
BRDA:266,335,1077,-
BRDA:266,335,1093,-
BRDA:23,337,154,-
end_of_record
SF:/Users/timothyzakian/sui/main/external-crates/move/crates/move-stdlib/sources/u32.move
FNF:10
FNH:0
LF:60
LH:0
BRF:49
BRH:0
FN:12,bitwise_not
FN:27,diff
FN:32,divide_and_round_up
FN:17,max
FN:22,min
FN:37,pow
FN:66,sqrt
FN:80,to_string
FN:76,try_as_u16
FN:71,try_as_u8
BRDA:17,1,8,-
BRDA:17,1,11,-
BRDA:12,2,13,-
BRDA:13,3,13,-
BRDA:22,5,8,-
BRDA:22,5,11,-
BRDA:19,6,13,-
BRDA:20,7,13,-
BRDA:27,9,8,-
BRDA:27,9,13,-
BRDA:26,10,17,-
BRDA:27,11,17,-
BRDA:32,13,10,-
BRDA:32,13,15,-
BRDA:33,14,21,-
BRDA:34,15,21,-
BRDA:37,17,6,-
BRDA:41,18,10,-
BRDA:41,18,35,-
BRDA:41,19,11,-
BRDA:42,20,17,-
BRDA:42,20,26,-
BRDA:43,21,6,-
BRDA:46,22,6,-
BRDA:66,24,9,-
BRDA:60,25,13,-
BRDA:60,25,42,-
BRDA:60,26,14,-
BRDA:61,27,20,-
BRDA:61,27,33,-
BRDA:62,28,37,-
BRDA:65,29,37,-
BRDA:67,30,9,-
BRDA:71,32,6,-
BRDA:71,32,9,-
BRDA:121,33,13,-
BRDA:122,34,13,-
BRDA:76,36,6,-
BRDA:76,36,9,-
BRDA:127,37,13,-
BRDA:128,38,13,-
BRDA:80,40,6,-
BRDA:80,40,10,-
BRDA:76,41,34,-
BRDA:78,42,12,-
BRDA:79,43,16,-
BRDA:79,43,29,-
BRDA:80,44,12,-
BRDA:83,45,34,-
end_of_record
SF:/Users/timothyzakian/sui/main/external-crates/move/crates/move-stdlib/tests/u32_tests.move
FNF:13
FNH:0
LF:178
LH:0
BRF:396
BRH:0
FN:32,test_bitwise_not
FN:47,test_diff
FN:52,test_divide_and_round_up
FN:57,test_divide_and_round_up_error
FN:101,test_dos
FN:37,test_max
FN:42,test_min
FN:62,test_pow
FN:69,test_pow_overflow
FN:74,test_sqrt
FN:92,test_to_string
FN:87,test_try_as_u16
FN:82,test_try_as_u8
BRDA:32,0,16,-
BRDA:32,0,32,-
BRDA:23,2,42,-
BRDA:13,3,46,-
BRDA:13,3,497,-
BRDA:14,4,82,-
BRDA:14,4,98,-
BRDA:23,6,118,-
BRDA:23,6,134,-
BRDA:23,8,154,-
BRDA:23,8,170,-
BRDA:23,10,190,-
BRDA:23,10,206,-
BRDA:23,12,225,-
BRDA:23,12,241,-
BRDA:23,14,261,-
BRDA:23,14,277,-
BRDA:23,16,297,-
BRDA:23,16,313,-
BRDA:23,18,333,-
BRDA:23,18,349,-
BRDA:23,20,368,-
BRDA:23,20,384,-
BRDA:23,22,404,-
BRDA:23,22,420,-
BRDA:23,24,440,-
BRDA:23,24,456,-
BRDA:23,26,476,-
BRDA:23,26,492,-
BRDA:23,28,42,-
BRDA:37,30,17,-
BRDA:37,30,33,-
BRDA:23,32,43,-
BRDA:13,33,47,-
BRDA:13,33,244,-
BRDA:14,34,83,-
BRDA:14,34,99,-
BRDA:23,36,118,-
BRDA:23,36,134,-
BRDA:23,38,153,-
BRDA:23,38,169,-
BRDA:23,40,188,-
BRDA:23,40,204,-
BRDA:23,42,223,-
BRDA:23,42,239,-
BRDA:23,44,43,-
BRDA:42,46,17,-
BRDA:42,46,33,-
BRDA:23,48,43,-
BRDA:13,49,47,-
BRDA:13,49,244,-
BRDA:14,50,83,-
BRDA:14,50,99,-
BRDA:23,52,118,-
BRDA:23,52,134,-
BRDA:23,54,153,-
BRDA:23,54,169,-
BRDA:23,56,188,-
BRDA:23,56,204,-
BRDA:23,58,223,-
BRDA:23,58,239,-
BRDA:23,60,43,-
BRDA:47,62,17,-
BRDA:47,62,33,-
BRDA:23,64,43,-
BRDA:13,65,47,-
BRDA:13,65,326,-
BRDA:14,66,85,-
BRDA:14,66,101,-
BRDA:23,68,122,-
BRDA:23,68,138,-
BRDA:23,70,157,-
BRDA:23,70,173,-
BRDA:23,72,194,-
BRDA:23,72,210,-
BRDA:23,74,231,-
BRDA:23,74,247,-
BRDA:23,76,268,-
BRDA:23,76,284,-
BRDA:23,78,305,-
BRDA:23,78,321,-
BRDA:23,80,43,-
BRDA:52,82,17,-
BRDA:52,82,33,-
BRDA:23,84,45,-
BRDA:23,84,46,-
BRDA:87,85,89,-
BRDA:88,86,69,-
BRDA:88,86,85,-
BRDA:23,88,89,-
BRDA:52,89,95,-
BRDA:13,90,99,-
BRDA:13,90,485,-
BRDA:14,91,128,-
BRDA:14,91,129,-
BRDA:87,92,172,-
BRDA:88,93,152,-
BRDA:88,93,168,-
BRDA:23,95,172,-
BRDA:98,96,180,-
BRDA:98,96,181,-
BRDA:87,97,224,-
BRDA:88,98,204,-
BRDA:88,98,220,-
BRDA:23,100,224,-
BRDA:99,101,232,-
BRDA:99,101,233,-
BRDA:87,102,276,-
BRDA:88,103,256,-
BRDA:88,103,272,-
BRDA:23,105,276,-
BRDA:100,106,284,-
BRDA:100,106,285,-
BRDA:87,107,328,-
BRDA:88,108,308,-
BRDA:88,108,324,-
BRDA:23,110,328,-
BRDA:101,111,336,-
BRDA:101,111,337,-
BRDA:87,112,380,-
BRDA:88,113,360,-
BRDA:88,113,376,-
BRDA:23,115,380,-
BRDA:102,116,388,-
BRDA:102,116,389,-
BRDA:87,117,432,-
BRDA:88,118,412,-
BRDA:88,118,428,-
BRDA:23,120,432,-
BRDA:103,121,440,-
BRDA:103,121,441,-
BRDA:87,122,95,-
BRDA:88,123,464,-
BRDA:88,123,480,-
BRDA:23,125,95,-
BRDA:62,128,6,-
BRDA:13,129,10,-
BRDA:13,129,242,-
BRDA:14,130,46,-
BRDA:14,130,62,-
BRDA:23,132,81,-
BRDA:23,132,97,-
BRDA:23,134,116,-
BRDA:23,134,132,-
BRDA:23,136,151,-
BRDA:23,136,167,-
BRDA:23,138,186,-
BRDA:23,138,202,-
BRDA:23,140,221,-
BRDA:23,140,237,-
BRDA:23,142,6,-
BRDA:129,143,257,-
BRDA:129,143,273,-
BRDA:23,145,292,-
BRDA:23,145,308,-
BRDA:23,147,320,-
BRDA:111,148,324,-
BRDA:111,148,333,-
BRDA:112,149,320,-
BRDA:115,150,344,-
BRDA:115,150,360,-
BRDA:23,152,372,-
BRDA:111,153,376,-
BRDA:111,153,385,-
BRDA:112,154,372,-
BRDA:115,155,396,-
BRDA:115,155,412,-
BRDA:23,157,424,-
BRDA:111,158,428,-
BRDA:111,158,437,-
BRDA:112,159,424,-
BRDA:115,160,448,-
BRDA:115,160,464,-
BRDA:23,162,476,-
BRDA:111,163,480,-
BRDA:111,163,489,-
BRDA:112,164,476,-
BRDA:115,165,500,-
BRDA:115,165,516,-
BRDA:77,169,11,-
BRDA:13,170,15,-
BRDA:13,170,126,-
BRDA:14,171,45,-
BRDA:14,171,46,-
BRDA:146,172,48,-
BRDA:147,174,57,-
BRDA:147,174,58,-
BRDA:148,175,60,-
BRDA:149,177,69,-
BRDA:149,177,70,-
BRDA:150,178,72,-
BRDA:152,180,76,-
BRDA:152,180,77,-
BRDA:152,181,11,-
BRDA:153,182,87,-
BRDA:153,182,88,-
BRDA:153,183,90,-
BRDA:155,185,94,-
BRDA:155,185,95,-
BRDA:155,186,11,-
BRDA:156,187,105,-
BRDA:156,187,106,-
BRDA:156,188,108,-
BRDA:158,190,112,-
BRDA:158,190,113,-
BRDA:158,191,11,-
BRDA:159,192,123,-
BRDA:159,192,124,-
BRDA:159,193,11,-
BRDA:76,195,132,-
BRDA:13,196,136,-
BRDA:13,196,266,-
BRDA:14,197,173,-
BRDA:14,197,189,-
BRDA:23,199,209,-
BRDA:23,199,225,-
BRDA:23,201,245,-
BRDA:23,201,261,-
BRDA:23,203,132,-
BRDA:172,204,268,-
BRDA:173,205,272,-
BRDA:173,205,330,-
BRDA:174,206,287,-
BRDA:179,207,268,-
BRDA:179,207,291,-
BRDA:180,208,305,-
BRDA:180,208,321,-
BRDA:23,210,287,-
BRDA:187,212,15,-
BRDA:187,212,31,-
BRDA:23,214,50,-
BRDA:23,214,66,-
BRDA:23,216,85,-
BRDA:23,216,101,-
BRDA:23,218,119,-
BRDA:23,218,135,-
BRDA:23,220,153,-
BRDA:23,220,169,-
BRDA:196,223,15,-
BRDA:196,223,31,-
BRDA:23,225,50,-
BRDA:23,225,66,-
BRDA:23,227,85,-
BRDA:23,227,101,-
BRDA:23,229,119,-
BRDA:23,229,135,-
BRDA:23,231,153,-
BRDA:23,231,169,-
BRDA:240,234,15,-
BRDA:240,234,31,-
BRDA:23,236,50,-
BRDA:23,236,66,-
BRDA:23,238,85,-
BRDA:23,238,101,-
BRDA:23,240,120,-
BRDA:23,240,136,-
BRDA:23,242,155,-
BRDA:23,242,171,-
BRDA:23,244,190,-
BRDA:23,244,206,-
BRDA:23,246,227,-
BRDA:23,246,243,-
BRDA:23,248,266,-
BRDA:23,248,282,-
BRDA:23,250,301,-
BRDA:23,250,317,-
BRDA:23,252,336,-
BRDA:23,252,352,-
BRDA:101,255,8,-
BRDA:101,255,12,-
BRDA:101,257,18,-
BRDA:13,258,22,-
BRDA:13,258,125,-
BRDA:14,259,47,-
BRDA:14,259,48,-
BRDA:275,260,18,-
BRDA:276,261,54,-
BRDA:276,261,59,-
BRDA:90,262,55,-
BRDA:277,264,65,-
BRDA:277,264,66,-
BRDA:103,265,70,-
BRDA:279,267,74,-
BRDA:279,267,75,-
BRDA:279,268,18,-
BRDA:280,269,83,-
BRDA:280,269,87,-
BRDA:281,271,95,-
BRDA:281,271,99,-
BRDA:282,273,107,-
BRDA:282,273,108,-
BRDA:103,274,112,-
BRDA:283,276,120,-
BRDA:283,276,121,-
BRDA:103,277,18,-
BRDA:287,279,135,-
BRDA:287,279,136,-
BRDA:103,280,148,-
BRDA:105,281,142,-
BRDA:105,281,143,-
BRDA:106,282,148,-
BRDA:107,283,136,-
BRDA:291,284,154,-
BRDA:13,285,158,-
BRDA:13,285,1098,-
BRDA:14,286,189,-
BRDA:90,287,193,-
BRDA:90,287,204,-
BRDA:91,288,189,-
BRDA:252,289,227,-
BRDA:252,289,243,-
BRDA:23,291,259,-
BRDA:23,291,260,-
BRDA:103,292,276,-
BRDA:105,293,270,-
BRDA:105,293,271,-
BRDA:106,294,276,-
BRDA:107,295,260,-
BRDA:256,296,297,-
BRDA:256,296,313,-
BRDA:23,298,327,-
BRDA:90,299,331,-
BRDA:90,299,342,-
BRDA:91,300,327,-
BRDA:262,301,381,-
BRDA:262,301,397,-
BRDA:23,303,411,-
BRDA:23,303,412,-
BRDA:103,304,428,-
BRDA:105,305,422,-
BRDA:105,305,423,-
BRDA:106,306,428,-
BRDA:107,307,412,-
BRDA:266,308,465,-
BRDA:266,308,481,-
BRDA:23,310,495,-
BRDA:90,311,499,-
BRDA:90,311,510,-
BRDA:91,312,495,-
BRDA:252,313,533,-
BRDA:252,313,549,-
BRDA:23,315,565,-
BRDA:23,315,566,-
BRDA:103,316,582,-
BRDA:105,317,576,-
BRDA:105,317,577,-
BRDA:106,318,582,-
BRDA:107,319,566,-
BRDA:256,320,603,-
BRDA:256,320,619,-
BRDA:23,322,633,-
BRDA:90,323,637,-
BRDA:90,323,648,-
BRDA:91,324,633,-
BRDA:262,325,687,-
BRDA:262,325,703,-
BRDA:23,327,717,-
BRDA:23,327,718,-
BRDA:103,328,734,-
BRDA:105,329,728,-
BRDA:105,329,729,-
BRDA:106,330,734,-
BRDA:107,331,718,-
BRDA:266,332,771,-
BRDA:266,332,787,-
BRDA:23,334,801,-
BRDA:90,335,805,-
BRDA:90,335,816,-
BRDA:91,336,801,-
BRDA:252,337,839,-
BRDA:252,337,855,-
BRDA:23,339,871,-
BRDA:23,339,872,-
BRDA:103,340,888,-
BRDA:105,341,882,-
BRDA:105,341,883,-
BRDA:106,342,888,-
BRDA:107,343,872,-
BRDA:256,344,909,-
BRDA:256,344,925,-
BRDA:23,346,939,-
BRDA:90,347,943,-
BRDA:90,347,954,-
BRDA:91,348,939,-
BRDA:262,349,993,-
BRDA:262,349,1009,-
BRDA:23,351,1023,-
BRDA:23,351,1024,-
BRDA:103,352,1040,-
BRDA:105,353,1034,-
BRDA:105,353,1035,-
BRDA:106,354,1040,-
BRDA:107,355,1024,-
BRDA:266,356,1077,-
BRDA:266,356,1093,-
BRDA:23,358,154,-
end_of_record
SF:/Users/timothyzakian/sui/main/external-crates/move/crates/move-stdlib/sources/u64.move
FNF:11
FNH:0
LF:64
LH:0
BRF:53
BRH:0
FN:12,bitwise_not
FN:27,diff
FN:32,divide_and_round_up
FN:17,max
FN:22,min
FN:37,pow
FN:66,sqrt
FN:85,to_string
FN:76,try_as_u16
FN:81,try_as_u32
FN:71,try_as_u8
BRDA:17,1,8,-
BRDA:17,1,11,-
BRDA:12,2,13,-
BRDA:13,3,13,-
BRDA:22,5,8,-
BRDA:22,5,11,-
BRDA:19,6,13,-
BRDA:20,7,13,-
BRDA:27,9,8,-
BRDA:27,9,13,-
BRDA:26,10,17,-
BRDA:27,11,17,-
BRDA:32,13,10,-
BRDA:32,13,15,-
BRDA:33,14,21,-
BRDA:34,15,21,-
BRDA:37,17,6,-
BRDA:41,18,10,-
BRDA:41,18,35,-
BRDA:41,19,11,-
BRDA:42,20,17,-
BRDA:42,20,26,-
BRDA:43,21,6,-
BRDA:46,22,6,-
BRDA:66,24,9,-
BRDA:60,25,13,-
BRDA:60,25,42,-
BRDA:60,26,14,-
BRDA:61,27,20,-
BRDA:61,27,33,-
BRDA:62,28,37,-
BRDA:65,29,37,-
BRDA:67,30,9,-
BRDA:71,32,6,-
BRDA:71,32,9,-
BRDA:121,33,13,-
BRDA:122,34,13,-
BRDA:76,36,6,-
BRDA:76,36,9,-
BRDA:127,37,13,-
BRDA:128,38,13,-
BRDA:81,40,6,-
BRDA:81,40,9,-
BRDA:133,41,13,-
BRDA:134,42,13,-
BRDA:85,44,6,-
BRDA:85,44,10,-
BRDA:76,45,34,-
BRDA:78,46,12,-
BRDA:79,47,16,-
BRDA:79,47,29,-
BRDA:80,48,12,-
BRDA:83,49,34,-
end_of_record
SF:/Users/timothyzakian/sui/main/external-crates/move/crates/move-stdlib/tests/u64_tests.move
FNF:14
FNH:0
LF:182
LH:0
BRF:406
BRH:0
FN:32,test_bitwise_not
FN:47,test_diff
FN:52,test_divide_and_round_up
FN:57,test_divide_and_round_up_error
FN:106,test_dos
FN:37,test_max
FN:42,test_min
FN:62,test_pow
FN:69,test_pow_overflow
FN:74,test_sqrt
FN:97,test_to_string
FN:87,test_try_as_u16
FN:92,test_try_as_u32
FN:82,test_try_as_u8
BRDA:32,0,16,-
BRDA:32,0,32,-
BRDA:23,2,42,-
BRDA:13,3,46,-
BRDA:13,3,497,-
BRDA:14,4,82,-
BRDA:14,4,98,-
BRDA:23,6,118,-
BRDA:23,6,134,-
BRDA:23,8,154,-
BRDA:23,8,170,-
BRDA:23,10,190,-
BRDA:23,10,206,-
BRDA:23,12,225,-
BRDA:23,12,241,-
BRDA:23,14,261,-
BRDA:23,14,277,-
BRDA:23,16,297,-
BRDA:23,16,313,-
BRDA:23,18,333,-
BRDA:23,18,349,-
BRDA:23,20,368,-
BRDA:23,20,384,-
BRDA:23,22,404,-
BRDA:23,22,420,-
BRDA:23,24,440,-
BRDA:23,24,456,-
BRDA:23,26,476,-
BRDA:23,26,492,-
BRDA:23,28,42,-
BRDA:37,30,17,-
BRDA:37,30,33,-
BRDA:23,32,43,-
BRDA:13,33,47,-
BRDA:13,33,244,-
BRDA:14,34,83,-
BRDA:14,34,99,-
BRDA:23,36,118,-
BRDA:23,36,134,-
BRDA:23,38,153,-
BRDA:23,38,169,-
BRDA:23,40,188,-
BRDA:23,40,204,-
BRDA:23,42,223,-
BRDA:23,42,239,-
BRDA:23,44,43,-
BRDA:42,46,17,-
BRDA:42,46,33,-
BRDA:23,48,43,-
BRDA:13,49,47,-
BRDA:13,49,244,-
BRDA:14,50,83,-
BRDA:14,50,99,-
BRDA:23,52,118,-
BRDA:23,52,134,-
BRDA:23,54,153,-
BRDA:23,54,169,-
BRDA:23,56,188,-
BRDA:23,56,204,-
BRDA:23,58,223,-
BRDA:23,58,239,-
BRDA:23,60,43,-
BRDA:47,62,17,-
BRDA:47,62,33,-
BRDA:23,64,43,-
BRDA:13,65,47,-
BRDA:13,65,326,-
BRDA:14,66,85,-
BRDA:14,66,101,-
BRDA:23,68,122,-
BRDA:23,68,138,-
BRDA:23,70,157,-
BRDA:23,70,173,-
BRDA:23,72,194,-
BRDA:23,72,210,-
BRDA:23,74,231,-
BRDA:23,74,247,-
BRDA:23,76,268,-
BRDA:23,76,284,-
BRDA:23,78,305,-
BRDA:23,78,321,-
BRDA:23,80,43,-
BRDA:52,82,17,-
BRDA:52,82,33,-
BRDA:23,84,45,-
BRDA:23,84,46,-
BRDA:87,85,89,-
BRDA:88,86,69,-
BRDA:88,86,85,-
BRDA:23,88,89,-
BRDA:52,89,95,-
BRDA:13,90,99,-
BRDA:13,90,485,-
BRDA:14,91,128,-
BRDA:14,91,129,-
BRDA:87,92,172,-
BRDA:88,93,152,-
BRDA:88,93,168,-
BRDA:23,95,172,-
BRDA:98,96,180,-
BRDA:98,96,181,-
BRDA:87,97,224,-
BRDA:88,98,204,-
BRDA:88,98,220,-
BRDA:23,100,224,-
BRDA:99,101,232,-
BRDA:99,101,233,-
BRDA:87,102,276,-
BRDA:88,103,256,-
BRDA:88,103,272,-
BRDA:23,105,276,-
BRDA:100,106,284,-
BRDA:100,106,285,-
BRDA:87,107,328,-
BRDA:88,108,308,-
BRDA:88,108,324,-
BRDA:23,110,328,-
BRDA:101,111,336,-
BRDA:101,111,337,-
BRDA:87,112,380,-
BRDA:88,113,360,-
BRDA:88,113,376,-
BRDA:23,115,380,-
BRDA:102,116,388,-
BRDA:102,116,389,-
BRDA:87,117,432,-
BRDA:88,118,412,-
BRDA:88,118,428,-
BRDA:23,120,432,-
BRDA:103,121,440,-
BRDA:103,121,441,-
BRDA:87,122,95,-
BRDA:88,123,464,-
BRDA:88,123,480,-
BRDA:23,125,95,-
BRDA:62,128,6,-
BRDA:13,129,10,-
BRDA:13,129,242,-
BRDA:14,130,46,-
BRDA:14,130,62,-
BRDA:23,132,81,-
BRDA:23,132,97,-
BRDA:23,134,116,-
BRDA:23,134,132,-
BRDA:23,136,151,-
BRDA:23,136,167,-
BRDA:23,138,186,-
BRDA:23,138,202,-
BRDA:23,140,221,-
BRDA:23,140,237,-
BRDA:23,142,6,-
BRDA:129,143,257,-
BRDA:129,143,273,-
BRDA:23,145,292,-
BRDA:23,145,308,-
BRDA:23,147,320,-
BRDA:111,148,324,-
BRDA:111,148,333,-
BRDA:112,149,320,-
BRDA:115,150,344,-
BRDA:115,150,360,-
BRDA:23,152,372,-
BRDA:111,153,376,-
BRDA:111,153,385,-
BRDA:112,154,372,-
BRDA:115,155,396,-
BRDA:115,155,412,-
BRDA:23,157,424,-
BRDA:111,158,428,-
BRDA:111,158,437,-
BRDA:112,159,424,-
BRDA:115,160,448,-
BRDA:115,160,464,-
BRDA:23,162,476,-
BRDA:111,163,480,-
BRDA:111,163,489,-
BRDA:112,164,476,-
BRDA:115,165,500,-
BRDA:115,165,516,-
BRDA:77,169,11,-
BRDA:13,170,15,-
BRDA:13,170,126,-
BRDA:14,171,45,-
BRDA:14,171,46,-
BRDA:146,172,48,-
BRDA:147,174,57,-
BRDA:147,174,58,-
BRDA:148,175,60,-
BRDA:149,177,69,-
BRDA:149,177,70,-
BRDA:150,178,72,-
BRDA:152,180,76,-
BRDA:152,180,77,-
BRDA:152,181,11,-
BRDA:153,182,87,-
BRDA:153,182,88,-
BRDA:153,183,90,-
BRDA:155,185,94,-
BRDA:155,185,95,-
BRDA:155,186,11,-
BRDA:156,187,105,-
BRDA:156,187,106,-
BRDA:156,188,108,-
BRDA:158,190,112,-
BRDA:158,190,113,-
BRDA:158,191,11,-
BRDA:159,192,123,-
BRDA:159,192,124,-
BRDA:159,193,11,-
BRDA:76,195,132,-
BRDA:13,196,136,-
BRDA:13,196,266,-
BRDA:14,197,173,-
BRDA:14,197,189,-
BRDA:23,199,209,-
BRDA:23,199,225,-
BRDA:23,201,245,-
BRDA:23,201,261,-
BRDA:23,203,132,-
BRDA:172,204,268,-
BRDA:173,205,272,-
BRDA:173,205,330,-
BRDA:174,206,287,-
BRDA:179,207,268,-
BRDA:179,207,291,-
BRDA:180,208,305,-
BRDA:180,208,321,-
BRDA:23,210,287,-
BRDA:187,212,15,-
BRDA:187,212,31,-
BRDA:23,214,50,-
BRDA:23,214,66,-
BRDA:23,216,85,-
BRDA:23,216,101,-
BRDA:23,218,119,-
BRDA:23,218,135,-
BRDA:23,220,153,-
BRDA:23,220,169,-
BRDA:196,223,15,-
BRDA:196,223,31,-
BRDA:23,225,50,-
BRDA:23,225,66,-
BRDA:23,227,85,-
BRDA:23,227,101,-
BRDA:23,229,119,-
BRDA:23,229,135,-
BRDA:23,231,153,-
BRDA:23,231,169,-
BRDA:205,234,15,-
BRDA:205,234,31,-
BRDA:23,236,50,-
BRDA:23,236,66,-
BRDA:23,238,85,-
BRDA:23,238,101,-
BRDA:23,240,119,-
BRDA:23,240,135,-
BRDA:23,242,153,-
BRDA:23,242,169,-
BRDA:240,245,15,-
BRDA:240,245,31,-
BRDA:23,247,50,-
BRDA:23,247,66,-
BRDA:23,249,85,-
BRDA:23,249,101,-
BRDA:23,251,120,-
BRDA:23,251,136,-
BRDA:23,253,155,-
BRDA:23,253,171,-
BRDA:23,255,190,-
BRDA:23,255,206,-
BRDA:23,257,227,-
BRDA:23,257,243,-
BRDA:23,259,266,-
BRDA:23,259,282,-
BRDA:23,261,301,-
BRDA:23,261,317,-
BRDA:23,263,336,-
BRDA:23,263,352,-
BRDA:106,266,8,-
BRDA:106,266,12,-
BRDA:106,268,18,-
BRDA:13,269,22,-
BRDA:13,269,125,-
BRDA:14,270,47,-
BRDA:14,270,48,-
BRDA:275,271,18,-
BRDA:276,272,54,-
BRDA:276,272,59,-
BRDA:90,273,55,-
BRDA:277,275,65,-
BRDA:277,275,66,-
BRDA:103,276,70,-
BRDA:279,278,74,-
BRDA:279,278,75,-
BRDA:279,279,18,-
BRDA:280,280,83,-
BRDA:280,280,87,-
BRDA:281,282,95,-
BRDA:281,282,99,-
BRDA:282,284,107,-
BRDA:282,284,108,-
BRDA:103,285,112,-
BRDA:283,287,120,-
BRDA:283,287,121,-
BRDA:103,288,18,-
BRDA:287,290,135,-
BRDA:287,290,136,-
BRDA:103,291,148,-
BRDA:105,292,142,-
BRDA:105,292,143,-
BRDA:106,293,148,-
BRDA:107,294,136,-
BRDA:291,295,154,-
BRDA:13,296,158,-
BRDA:13,296,1098,-
BRDA:14,297,189,-
BRDA:90,298,193,-
BRDA:90,298,204,-
BRDA:91,299,189,-
BRDA:252,300,227,-
BRDA:252,300,243,-
BRDA:23,302,259,-
BRDA:23,302,260,-
BRDA:103,303,276,-
BRDA:105,304,270,-
BRDA:105,304,271,-
BRDA:106,305,276,-
BRDA:107,306,260,-
BRDA:256,307,297,-
BRDA:256,307,313,-
BRDA:23,309,327,-
BRDA:90,310,331,-
BRDA:90,310,342,-
BRDA:91,311,327,-
BRDA:262,312,381,-
BRDA:262,312,397,-
BRDA:23,314,411,-
BRDA:23,314,412,-
BRDA:103,315,428,-
BRDA:105,316,422,-
BRDA:105,316,423,-
BRDA:106,317,428,-
BRDA:107,318,412,-
BRDA:266,319,465,-
BRDA:266,319,481,-
BRDA:23,321,495,-
BRDA:90,322,499,-
BRDA:90,322,510,-
BRDA:91,323,495,-
BRDA:252,324,533,-
BRDA:252,324,549,-
BRDA:23,326,565,-
BRDA:23,326,566,-
BRDA:103,327,582,-
BRDA:105,328,576,-
BRDA:105,328,577,-
BRDA:106,329,582,-
BRDA:107,330,566,-
BRDA:256,331,603,-
BRDA:256,331,619,-
BRDA:23,333,633,-
BRDA:90,334,637,-
BRDA:90,334,648,-
BRDA:91,335,633,-
BRDA:262,336,687,-
BRDA:262,336,703,-
BRDA:23,338,717,-
BRDA:23,338,718,-
BRDA:103,339,734,-
BRDA:105,340,728,-
BRDA:105,340,729,-
BRDA:106,341,734,-
BRDA:107,342,718,-
BRDA:266,343,771,-
BRDA:266,343,787,-
BRDA:23,345,801,-
BRDA:90,346,805,-
BRDA:90,346,816,-
BRDA:91,347,801,-
BRDA:252,348,839,-
BRDA:252,348,855,-
BRDA:23,350,871,-
BRDA:23,350,872,-
BRDA:103,351,888,-
BRDA:105,352,882,-
BRDA:105,352,883,-
BRDA:106,353,888,-
BRDA:107,354,872,-
BRDA:256,355,909,-
BRDA:256,355,925,-
BRDA:23,357,939,-
BRDA:90,358,943,-
BRDA:90,358,954,-
BRDA:91,359,939,-
BRDA:262,360,993,-
BRDA:262,360,1009,-
BRDA:23,362,1023,-
BRDA:23,362,1024,-
BRDA:103,363,1040,-
BRDA:105,364,1034,-
BRDA:105,364,1035,-
BRDA:106,365,1040,-
BRDA:107,366,1024,-
BRDA:266,367,1077,-
BRDA:266,367,1093,-
BRDA:23,369,154,-
end_of_record
SF:/Users/timothyzakian/sui/main/external-crates/move/crates/move-stdlib/sources/u8.move
FNF:8
FNH:0
LF:53
LH:0
BRF:41
BRH:0
FN:12,bitwise_not
FN:27,diff
FN:32,divide_and_round_up
FN:17,max
FN:22,min
FN:37,pow
FN:66,sqrt
FN:70,to_string
BRDA:17,1,8,-
BRDA:17,1,11,-
BRDA:12,2,13,-
BRDA:13,3,13,-
BRDA:22,5,8,-
BRDA:22,5,11,-
BRDA:19,6,13,-
BRDA:20,7,13,-
BRDA:27,9,8,-
BRDA:27,9,13,-
BRDA:26,10,17,-
BRDA:27,11,17,-
BRDA:32,13,10,-
BRDA:32,13,15,-
BRDA:33,14,21,-
BRDA:34,15,21,-
BRDA:37,17,6,-
BRDA:41,18,10,-
BRDA:41,18,35,-
BRDA:41,19,11,-
BRDA:42,20,17,-
BRDA:42,20,26,-
BRDA:43,21,6,-
BRDA:46,22,6,-
BRDA:66,24,9,-
BRDA:60,25,13,-
BRDA:60,25,42,-
BRDA:60,26,14,-
BRDA:61,27,20,-
BRDA:61,27,33,-
BRDA:62,28,37,-
BRDA:65,29,37,-
BRDA:67,30,9,-
BRDA:70,32,6,-
BRDA:70,32,10,-
BRDA:76,33,34,-
BRDA:78,34,12,-
BRDA:79,35,16,-
BRDA:79,35,29,-
BRDA:80,36,12,-
BRDA:83,37,34,-
end_of_record
SF:/Users/timothyzakian/sui/main/external-crates/move/crates/move-stdlib/tests/u8_tests.move
FNF:11
FNH:0
LF:167
LH:0
BRF:375
BRH:0
FN:32,test_bitwise_not
FN:47,test_diff
FN:52,test_divide_and_round_up
FN:57,test_divide_and_round_up_error
FN:86,test_dos
FN:37,test_max
FN:42,test_min
FN:62,test_pow
FN:67,test_pow_overflow
FN:72,test_sqrt
FN:77,test_to_string
BRDA:32,0,16,-
BRDA:32,0,32,-
BRDA:23,2,42,-
BRDA:13,3,46,-
BRDA:13,3,497,-
BRDA:14,4,82,-
BRDA:14,4,98,-
BRDA:23,6,118,-
BRDA:23,6,134,-
BRDA:23,8,154,-
BRDA:23,8,170,-
BRDA:23,10,190,-
BRDA:23,10,206,-
BRDA:23,12,225,-
BRDA:23,12,241,-
BRDA:23,14,261,-
BRDA:23,14,277,-
BRDA:23,16,297,-
BRDA:23,16,313,-
BRDA:23,18,333,-
BRDA:23,18,349,-
BRDA:23,20,368,-
BRDA:23,20,384,-
BRDA:23,22,404,-
BRDA:23,22,420,-
BRDA:23,24,440,-
BRDA:23,24,456,-
BRDA:23,26,476,-
BRDA:23,26,492,-
BRDA:23,28,42,-
BRDA:37,30,17,-
BRDA:37,30,33,-
BRDA:23,32,43,-
BRDA:13,33,47,-
BRDA:13,33,244,-
BRDA:14,34,83,-
BRDA:14,34,99,-
BRDA:23,36,118,-
BRDA:23,36,134,-
BRDA:23,38,153,-
BRDA:23,38,169,-
BRDA:23,40,188,-
BRDA:23,40,204,-
BRDA:23,42,223,-
BRDA:23,42,239,-
BRDA:23,44,43,-
BRDA:42,46,17,-
BRDA:42,46,33,-
BRDA:23,48,43,-
BRDA:13,49,47,-
BRDA:13,49,244,-
BRDA:14,50,83,-
BRDA:14,50,99,-
BRDA:23,52,118,-
BRDA:23,52,134,-
BRDA:23,54,153,-
BRDA:23,54,169,-
BRDA:23,56,188,-
BRDA:23,56,204,-
BRDA:23,58,223,-
BRDA:23,58,239,-
BRDA:23,60,43,-
BRDA:47,62,17,-
BRDA:47,62,33,-
BRDA:23,64,43,-
BRDA:13,65,47,-
BRDA:13,65,326,-
BRDA:14,66,85,-
BRDA:14,66,101,-
BRDA:23,68,122,-
BRDA:23,68,138,-
BRDA:23,70,157,-
BRDA:23,70,173,-
BRDA:23,72,194,-
BRDA:23,72,210,-
BRDA:23,74,231,-
BRDA:23,74,247,-
BRDA:23,76,268,-
BRDA:23,76,284,-
BRDA:23,78,305,-
BRDA:23,78,321,-
BRDA:23,80,43,-
BRDA:52,82,17,-
BRDA:52,82,33,-
BRDA:23,84,45,-
BRDA:23,84,46,-
BRDA:87,85,89,-
BRDA:88,86,69,-
BRDA:88,86,85,-
BRDA:23,88,89,-
BRDA:52,89,95,-
BRDA:13,90,99,-
BRDA:13,90,485,-
BRDA:14,91,128,-
BRDA:14,91,129,-
BRDA:87,92,172,-
BRDA:88,93,152,-
BRDA:88,93,168,-
BRDA:23,95,172,-
BRDA:98,96,180,-
BRDA:98,96,181,-
BRDA:87,97,224,-
BRDA:88,98,204,-
BRDA:88,98,220,-
BRDA:23,100,224,-
BRDA:99,101,232,-
BRDA:99,101,233,-
BRDA:87,102,276,-
BRDA:88,103,256,-
BRDA:88,103,272,-
BRDA:23,105,276,-
BRDA:100,106,284,-
BRDA:100,106,285,-
BRDA:87,107,328,-
BRDA:88,108,308,-
BRDA:88,108,324,-
BRDA:23,110,328,-
BRDA:101,111,336,-
BRDA:101,111,337,-
BRDA:87,112,380,-
BRDA:88,113,360,-
BRDA:88,113,376,-
BRDA:23,115,380,-
BRDA:102,116,388,-
BRDA:102,116,389,-
BRDA:87,117,432,-
BRDA:88,118,412,-
BRDA:88,118,428,-
BRDA:23,120,432,-
BRDA:103,121,440,-
BRDA:103,121,441,-
BRDA:87,122,95,-
BRDA:88,123,464,-
BRDA:88,123,480,-
BRDA:23,125,95,-
BRDA:62,128,6,-
BRDA:13,129,10,-
BRDA:13,129,242,-
BRDA:14,130,46,-
BRDA:14,130,62,-
BRDA:23,132,81,-
BRDA:23,132,97,-
BRDA:23,134,116,-
BRDA:23,134,132,-
BRDA:23,136,151,-
BRDA:23,136,167,-
BRDA:23,138,186,-
BRDA:23,138,202,-
BRDA:23,140,221,-
BRDA:23,140,237,-
BRDA:23,142,6,-
BRDA:129,143,257,-
BRDA:129,143,273,-
BRDA:23,145,292,-
BRDA:23,145,308,-
BRDA:23,147,320,-
BRDA:111,148,324,-
BRDA:111,148,333,-
BRDA:112,149,320,-
BRDA:115,150,344,-
BRDA:115,150,360,-
BRDA:23,152,372,-
BRDA:111,153,376,-
BRDA:111,153,385,-
BRDA:112,154,372,-
BRDA:115,155,396,-
BRDA:115,155,412,-
BRDA:72,159,11,-
BRDA:13,160,15,-
BRDA:13,160,126,-
BRDA:14,161,45,-
BRDA:14,161,46,-
BRDA:146,162,48,-
BRDA:147,164,57,-
BRDA:147,164,58,-
BRDA:148,165,60,-
BRDA:149,167,69,-
BRDA:149,167,70,-
BRDA:150,168,72,-
BRDA:152,170,76,-
BRDA:152,170,77,-
BRDA:152,171,11,-
BRDA:153,172,87,-
BRDA:153,172,88,-
BRDA:153,173,90,-
BRDA:155,175,94,-
BRDA:155,175,95,-
BRDA:155,176,11,-
BRDA:156,177,105,-
BRDA:156,177,106,-
BRDA:156,178,108,-
BRDA:158,180,112,-
BRDA:158,180,113,-
BRDA:158,181,11,-
BRDA:159,182,123,-
BRDA:159,182,124,-
BRDA:159,183,11,-
BRDA:72,185,132,-
BRDA:13,186,136,-
BRDA:13,186,266,-
BRDA:14,187,173,-
BRDA:14,187,189,-
BRDA:23,189,209,-
BRDA:23,189,225,-
BRDA:23,191,245,-
BRDA:23,191,261,-
BRDA:23,193,132,-
BRDA:172,194,268,-
BRDA:173,195,272,-
BRDA:173,195,330,-
BRDA:174,196,287,-
BRDA:179,197,268,-
BRDA:179,197,291,-
BRDA:180,198,305,-
BRDA:180,198,321,-
BRDA:23,200,287,-
BRDA:240,202,15,-
BRDA:240,202,31,-
BRDA:23,204,50,-
BRDA:23,204,66,-
BRDA:23,206,85,-
BRDA:23,206,101,-
BRDA:23,208,120,-
BRDA:23,208,136,-
BRDA:23,210,155,-
BRDA:23,210,171,-
BRDA:23,212,190,-
BRDA:23,212,206,-
BRDA:23,214,227,-
BRDA:23,214,243,-
BRDA:23,216,266,-
BRDA:23,216,282,-
BRDA:23,218,301,-
BRDA:23,218,317,-
BRDA:23,220,336,-
BRDA:23,220,352,-
BRDA:86,223,10,-
BRDA:86,223,11,-
BRDA:103,224,28,-
BRDA:105,225,22,-
BRDA:105,225,23,-
BRDA:106,226,28,-
BRDA:107,227,11,-
BRDA:88,228,41,-
BRDA:88,228,57,-
BRDA:23,230,69,-
BRDA:23,230,73,-
BRDA:89,232,80,-
BRDA:13,233,84,-
BRDA:13,233,186,-
BRDA:14,234,109,-
BRDA:14,234,110,-
BRDA:275,235,80,-
BRDA:276,236,116,-
BRDA:276,236,120,-
BRDA:277,238,126,-
BRDA:277,238,127,-
BRDA:103,239,131,-
BRDA:279,241,135,-
BRDA:279,241,136,-
BRDA:279,242,80,-
BRDA:280,243,144,-
BRDA:280,243,148,-
BRDA:281,245,156,-
BRDA:281,245,160,-
BRDA:282,247,168,-
BRDA:282,247,169,-
BRDA:103,248,173,-
BRDA:283,250,181,-
BRDA:283,250,182,-
BRDA:103,251,80,-
BRDA:287,253,196,-
BRDA:287,253,197,-
BRDA:103,254,209,-
BRDA:105,255,203,-
BRDA:105,255,204,-
BRDA:106,256,209,-
BRDA:107,257,197,-
BRDA:291,258,215,-
BRDA:13,259,219,-
BRDA:13,259,1162,-
BRDA:14,260,250,-
BRDA:90,261,254,-
BRDA:90,261,265,-
BRDA:91,262,250,-
BRDA:252,263,288,-
BRDA:252,263,305,-
BRDA:23,264,289,-
BRDA:23,266,321,-
BRDA:23,266,322,-
BRDA:103,267,338,-
BRDA:105,268,332,-
BRDA:105,268,333,-
BRDA:106,269,338,-
BRDA:107,270,322,-
BRDA:256,271,359,-
BRDA:256,271,375,-
BRDA:23,273,389,-
BRDA:90,274,393,-
BRDA:90,274,404,-
BRDA:91,275,389,-
BRDA:262,276,443,-
BRDA:262,276,459,-
BRDA:23,278,473,-
BRDA:23,278,474,-
BRDA:103,279,490,-
BRDA:105,280,484,-
BRDA:105,280,485,-
BRDA:106,281,490,-
BRDA:107,282,474,-
BRDA:266,283,527,-
BRDA:266,283,543,-
BRDA:23,285,557,-
BRDA:90,286,561,-
BRDA:90,286,572,-
BRDA:91,287,557,-
BRDA:252,288,595,-
BRDA:252,288,612,-
BRDA:23,289,596,-
BRDA:23,291,628,-
BRDA:23,291,629,-
BRDA:103,292,645,-
BRDA:105,293,639,-
BRDA:105,293,640,-
BRDA:106,294,645,-
BRDA:107,295,629,-
BRDA:256,296,666,-
BRDA:256,296,682,-
BRDA:23,298,696,-
BRDA:90,299,700,-
BRDA:90,299,711,-
BRDA:91,300,696,-
BRDA:262,301,750,-
BRDA:262,301,766,-
BRDA:23,303,780,-
BRDA:23,303,781,-
BRDA:103,304,797,-
BRDA:105,305,791,-
BRDA:105,305,792,-
BRDA:106,306,797,-
BRDA:107,307,781,-
BRDA:266,308,834,-
BRDA:266,308,851,-
BRDA:23,309,835,-
BRDA:23,311,865,-
BRDA:90,312,869,-
BRDA:90,312,880,-
BRDA:91,313,865,-
BRDA:252,314,903,-
BRDA:252,314,919,-
BRDA:23,316,935,-
BRDA:23,316,936,-
BRDA:103,317,952,-
BRDA:105,318,946,-
BRDA:105,318,947,-
BRDA:106,319,952,-
BRDA:107,320,936,-
BRDA:256,321,973,-
BRDA:256,321,989,-
BRDA:23,323,1003,-
BRDA:90,324,1007,-
BRDA:90,324,1018,-
BRDA:91,325,1003,-
BRDA:262,326,1057,-
BRDA:262,326,1073,-
BRDA:23,328,1087,-
BRDA:23,328,1088,-
BRDA:103,329,1104,-
BRDA:105,330,1098,-
BRDA:105,330,1099,-
BRDA:106,331,1104,-
BRDA:107,332,1088,-
BRDA:266,333,1141,-
BRDA:266,333,1157,-
BRDA:23,335,215,-
end_of_record
SF:/Users/timothyzakian/sui/main/external-crates/move/crates/move-stdlib/sources/unit_test.move
FNF:1
FNH:0
LF:1
LH:0
BRF:0
BRH:0
FN:12,poison
end_of_record
SF:/Users/timothyzakian/sui/main/external-crates/move/crates/move-stdlib/sources/uq32_32.move
FNF:15
FNH:0
LF:78
LH:0
BRF:20
BRH:0
FN:70,add
FN:94,div
FN:64,from_int
FN:49,from_quotient
FN:157,from_raw
FN:140,ge
FN:145,gt
FN:118,int_div
FN:105,int_mul
FN:130,le
FN:135,lt
FN:87,mul
FN:81,sub
FN:99,to_int
FN:151,to_raw
BRDA:50,0,8,-
BRDA:50,0,10,-
BRDA:173,2,30,-
BRDA:173,2,35,-
BRDA:178,3,37,-
BRDA:178,4,37,-
BRDA:178,5,39,-
BRDA:178,5,41,-
BRDA:182,7,45,-
BRDA:182,7,47,-
BRDA:71,11,14,-
BRDA:71,11,16,-
BRDA:81,14,12,-
BRDA:81,14,14,-
BRDA:106,20,14,-
BRDA:106,20,16,-
BRDA:119,23,10,-
BRDA:119,23,12,-
BRDA:240,25,24,-
BRDA:240,25,26,-
end_of_record
SF:/Users/timothyzakian/sui/main/external-crates/move/crates/move-stdlib/tests/uq32_32_tests.move
FNF:28
FNH:0
LF:129
LH:0
BRF:76
BRH:0
FN:154,exact_int_div
FN:185,exact_int_mul
FN:39,from_quotient_div_zero
FN:30,from_quotient_max_numerator_denominator
FN:46,from_quotient_ratio_too_large
FN:54,from_quotient_ratio_too_small
FN:24,from_quotient_zero
FN:162,int_div_by_zero
FN:178,int_div_overflow_large_numerator
FN:170,int_div_overflow_small_divisor
FN:215,int_mul_overflow_large_multiplier
FN:207,int_mul_overflow_small_multiplier
FN:192,int_mul_truncates
FN:68,test_add
FN:82,test_add_overflow
FN:222,test_comparison
FN:127,test_div
FN:139,test_div_by_zero
FN:147,test_div_overflow
FN:254,test_div_rand
FN:61,test_from_int
FN:242,test_int_roundtrip
FN:107,test_mul
FN:120,test_mul_overflow
FN:247,test_mul_rand
FN:237,test_raw
FN:89,test_sub
FN:100,test_sub_underflow
BRDA:24,0,16,-
BRDA:24,0,32,-
BRDA:90,3,16,-
BRDA:90,3,32,-
BRDA:61,9,15,-
BRDA:61,9,31,-
BRDA:23,11,50,-
BRDA:23,11,66,-
BRDA:23,13,85,-
BRDA:23,13,101,-
BRDA:68,16,11,-
BRDA:68,16,12,-
BRDA:69,17,14,-
BRDA:71,19,25,-
BRDA:71,19,26,-
BRDA:72,20,28,-
BRDA:74,22,41,-
BRDA:74,22,42,-
BRDA:76,23,44,-
BRDA:89,27,19,-
BRDA:89,27,35,-
BRDA:23,29,60,-
[...]
FN:435,index_of_nonempty_has
FN:446,index_of_nonempty_has_multiple_occurences
FN:426,index_of_nonempty_not_has
FN:544,insert_at_end
FN:555,insert_out_of_range
FN:457,length
FN:683,partition_macro
FN:175,pop_out_of_range
FN:470,pop_push_back
FN:404,push_back_and_borrow
FN:249,remove_empty_vector
FN:218,remove_nonsingleton_vector
FN:233,remove_nonsingleton_vector_last_elem
FN:256,remove_out_of_bound_index
FN:210,remove_singleton_vector
FN:271,reverse_singleton_vector
FN:263,reverse_vector_empty
FN:280,reverse_vector_nonempty_even_length
FN:301,reverse_vector_nonempty_odd_length_non_singleton
FN:575,size_limit_fail
FN:561,size_limit_ok
FN:181,swap_different_indices
FN:320,swap_empty
FN:327,swap_out_of_range
FN:340,swap_remove_empty
FN:375,swap_remove_end_of_vector
FN:354,swap_remove_inside_vector
FN:397,swap_remove_out_of_range
FN:346,swap_remove_singleton
FN:196,swap_same_index
FN:611,test_count_macro
FN:599,test_destroy_macro
FN:630,test_do_macro
FN:29,test_empty_is_empty
FN:721,test_flatten
FN:525,test_insert
FN:662,test_map_macro
FN:504,test_natives_with_different_instantiations
FN:487,test_natives_with_type
FN:15,test_singleton_contains
FN:22,test_singleton_len
FN:588,test_string_aliases
FN:618,test_tabulate_macro
FN:116,vector_contains
FN:749,zip_do_macro
FN:741,zip_do_macro_fail
FN:823,zip_do_mut_macro
FN:812,zip_do_mut_macro_fail
FN:800,zip_do_ref_macro
FN:792,zip_do_ref_macro_fail
FN:780,zip_do_reverse_macro
FN:772,zip_do_reverse_macro_fail
FN:761,zip_do_undroppable_macro
FN:839,zip_map_macro
FN:846,zip_map_ref_macro
BRDA:15,0,9,-
BRDA:15,0,10,-
BRDA:15,1,12,-
BRDA:16,3,21,-
BRDA:16,3,22,-
BRDA:16,4,24,-
BRDA:17,6,33,-
BRDA:17,6,34,-
BRDA:17,7,36,-
BRDA:22,10,13,-
BRDA:22,10,14,-
BRDA:22,11,16,-
BRDA:23,13,29,-
BRDA:23,13,30,-
BRDA:23,14,32,-
BRDA:24,16,45,-
BRDA:24,16,46,-
BRDA:24,17,48,-
BRDA:29,20,5,-
BRDA:29,20,6,-
BRDA:29,21,8,-
BRDA:34,24,8,-
BRDA:34,24,9,-
BRDA:37,25,11,-
BRDA:42,28,10,-
BRDA:42,28,11,-
BRDA:45,29,13,-
BRDA:46,31,20,-
BRDA:46,31,21,-
BRDA:46,32,23,-
BRDA:47,34,30,-
BRDA:47,34,31,-
BRDA:47,35,33,-
BRDA:52,38,23,-
BRDA:52,38,24,-
BRDA:59,39,26,-
BRDA:60,41,31,-
BRDA:60,41,32,-
BRDA:60,42,34,-
BRDA:61,44,41,-
BRDA:61,44,42,-
BRDA:61,45,44,-
BRDA:62,47,51,-
BRDA:62,47,52,-
BRDA:62,48,54,-
BRDA:63,50,61,-
BRDA:63,50,62,-
BRDA:63,51,64,-
BRDA:64,53,71,-
BRDA:64,53,72,-
BRDA:64,54,74,-
BRDA:69,57,21,-
BRDA:69,57,22,-
BRDA:76,58,24,-
BRDA:77,60,29,-
BRDA:77,60,30,-
BRDA:77,61,32,-
BRDA:78,63,39,-
BRDA:78,63,40,-
BRDA:78,64,42,-
BRDA:79,66,49,-
BRDA:79,66,50,-
BRDA:79,67,52,-
BRDA:80,69,59,-
BRDA:80,69,60,-
BRDA:80,70,62,-
BRDA:81,72,69,-
BRDA:81,72,70,-
BRDA:81,73,72,-
BRDA:86,76,35,-
BRDA:86,76,36,-
BRDA:97,77,38,-
BRDA:98,79,43,-
BRDA:98,79,44,-
BRDA:98,80,46,-
BRDA:99,82,48,-
BRDA:100,83,52,-
BRDA:100,83,67,-
BRDA:101,84,59,-
BRDA:101,84,60,-
BRDA:101,85,62,-
BRDA:102,87,48,-
BRDA:116,90,11,-
BRDA:116,90,12,-
BRDA:117,91,14,-
BRDA:119,93,25,-
BRDA:119,93,26,-
BRDA:120,94,28,-
BRDA:121,96,37,-
BRDA:121,96,38,-
BRDA:121,97,40,-
BRDA:123,99,51,-
BRDA:123,99,52,-
BRDA:124,100,54,-
BRDA:125,102,62,-
BRDA:125,102,63,-
BRDA:125,103,65,-
BRDA:126,105,74,-
BRDA:126,105,75,-
BRDA:126,106,77,-
BRDA:128,108,88,-
BRDA:128,108,89,-
BRDA:129,109,91,-
BRDA:130,111,99,-
BRDA:130,111,100,-
BRDA:130,112,102,-
BRDA:131,114,110,-
BRDA:131,114,111,-
BRDA:131,115,113,-
BRDA:132,117,122,-
BRDA:132,117,123,-
BRDA:132,118,125,-
BRDA:161,124,15,-
BRDA:161,124,16,-
BRDA:164,125,18,-
BRDA:165,127,25,-
BRDA:165,127,26,-
BRDA:165,128,28,-
BRDA:167,130,40,-
BRDA:167,130,41,-
BRDA:168,131,43,-
BRDA:169,133,50,-
BRDA:169,133,51,-
BRDA:169,134,53,-
BRDA:181,138,29,-
BRDA:181,138,30,-
BRDA:188,139,32,-
BRDA:189,141,39,-
BRDA:189,141,40,-
BRDA:189,142,42,-
BRDA:190,144,49,-
BRDA:190,144,50,-
BRDA:190,145,52,-
BRDA:191,147,59,-
BRDA:191,147,60,-
BRDA:191,148,62,-
BRDA:196,151,25,-
BRDA:196,151,26,-
BRDA:202,152,28,-
BRDA:203,154,35,-
BRDA:203,154,36,-
BRDA:203,155,38,-
BRDA:204,157,45,-
BRDA:204,157,46,-
BRDA:204,158,48,-
BRDA:205,160,55,-
BRDA:205,160,56,-
BRDA:205,161,58,-
BRDA:210,164,11,-
BRDA:210,164,12,-
BRDA:212,165,14,-
BRDA:213,167,19,-
BRDA:213,167,20,-
BRDA:213,168,22,-
BRDA:218,171,20,-
BRDA:218,171,21,-
BRDA:224,172,23,-
BRDA:225,174,28,-
BRDA:225,174,29,-
BRDA:225,175,31,-
BRDA:226,177,38,-
BRDA:226,177,39,-
BRDA:226,178,41,-
BRDA:227,180,48,-
BRDA:227,180,49,-
BRDA:227,181,51,-
BRDA:228,183,58,-
BRDA:228,183,59,-
BRDA:228,184,61,-
BRDA:233,187,20,-
BRDA:233,187,21,-
BRDA:239,188,23,-
BRDA:240,190,28,-
BRDA:240,190,29,-
BRDA:240,191,31,-
BRDA:241,193,38,-
BRDA:241,193,39,-
BRDA:241,194,41,-
BRDA:242,196,48,-
BRDA:242,196,49,-
BRDA:242,197,51,-
BRDA:243,199,58,-
BRDA:243,199,59,-
BRDA:243,200,61,-
BRDA:263,205,12,-
BRDA:263,205,13,-
BRDA:266,206,15,-
BRDA:271,209,12,-
BRDA:271,209,13,-
BRDA:273,210,15,-
BRDA:274,212,24,-
BRDA:274,212,25,-
BRDA:275,213,27,-
BRDA:280,216,21,-
BRDA:280,216,22,-
BRDA:286,217,24,-
BRDA:287,219,31,-
BRDA:287,219,32,-
BRDA:287,220,34,-
BRDA:288,222,41,-
BRDA:288,222,42,-
BRDA:288,223,44,-
BRDA:289,225,51,-
BRDA:289,225,52,-
BRDA:289,226,54,-
BRDA:291,228,63,-
BRDA:291,228,64,-
BRDA:293,229,66,-
BRDA:294,231,73,-
BRDA:294,231,74,-
BRDA:294,232,76,-
BRDA:295,234,83,-
BRDA:295,234,84,-
BRDA:295,235,86,-
BRDA:296,237,93,-
BRDA:296,237,94,-
BRDA:296,238,96,-
BRDA:301,241,18,-
BRDA:301,241,19,-
BRDA:306,242,21,-
BRDA:307,244,28,-
BRDA:307,244,29,-
BRDA:307,245,31,-
BRDA:308,247,38,-
BRDA:308,247,39,-
BRDA:308,248,41,-
BRDA:310,250,50,-
BRDA:310,250,51,-
BRDA:312,251,53,-
BRDA:313,253,60,-
BRDA:313,253,61,-
BRDA:313,254,63,-
BRDA:314,256,70,-
BRDA:314,256,71,-
BRDA:314,257,73,-
BRDA:346,263,11,-
BRDA:346,263,12,-
BRDA:348,264,14,-
BRDA:349,266,17,-
BRDA:349,266,18,-
BRDA:349,267,20,-
BRDA:354,270,21,-
BRDA:354,270,22,-
BRDA:360,271,24,-
BRDA:361,273,31,-
BRDA:361,273,32,-
BRDA:361,274,34,-
BRDA:362,276,41,-
BRDA:362,276,42,-
BRDA:362,277,44,-
BRDA:363,279,51,-
BRDA:363,279,52,-
BRDA:363,280,54,-
BRDA:365,282,60,-
BRDA:365,282,61,-
BRDA:365,283,63,-
BRDA:366,285,68,-
BRDA:366,285,69,-
BRDA:366,286,71,-
BRDA:368,288,78,-
BRDA:368,288,79,-
BRDA:368,289,81,-
BRDA:369,291,88,-
BRDA:369,291,89,-
BRDA:369,292,91,-
BRDA:370,294,98,-
BRDA:370,294,99,-
BRDA:370,295,101,-
BRDA:375,298,21,-
BRDA:375,298,22,-
BRDA:381,299,24,-
BRDA:382,301,31,-
BRDA:382,301,32,-
BRDA:382,302,34,-
BRDA:383,304,41,-
BRDA:383,304,42,-
BRDA:383,305,44,-
BRDA:384,307,51,-
BRDA:384,307,52,-
BRDA:384,308,54,-
BRDA:386,310,60,-
BRDA:386,310,61,-
BRDA:386,311,63,-
BRDA:387,313,68,-
BRDA:387,313,69,-
BRDA:387,314,71,-
BRDA:389,316,78,-
BRDA:389,316,79,-
BRDA:389,317,81,-
BRDA:390,319,88,-
BRDA:390,319,89,-
BRDA:390,320,91,-
BRDA:391,322,98,-
BRDA:391,322,99,-
BRDA:391,323,101,-
BRDA:404,327,9,-
BRDA:404,327,10,-
BRDA:406,328,12,-
BRDA:407,330,17,-
BRDA:407,330,18,-
BRDA:407,331,20,-
BRDA:408,333,27,-
BRDA:408,333,28,-
BRDA:408,334,30,-
BRDA:410,336,38,-
BRDA:410,336,39,-
BRDA:411,337,41,-
BRDA:412,339,48,-
BRDA:412,339,49,-
BRDA:412,340,51,-
BRDA:413,342,58,-
BRDA:413,342,59,-
BRDA:413,343,61,-
BRDA:418,346,12,-
BRDA:418,346,13,-
BRDA:420,347,15,-
BRDA:421,349,19,-
BRDA:421,349,20,-
BRDA:421,350,22,-
BRDA:426,353,15,-
BRDA:426,353,16,-
BRDA:429,354,18,-
BRDA:430,356,22,-
BRDA:430,356,23,-
BRDA:430,357,25,-
BRDA:435,360,17,-
BRDA:435,360,18,-
BRDA:439,361,20,-
BRDA:440,363,24,-
BRDA:440,363,25,-
BRDA:440,364,27,-
BRDA:446,367,20,-
BRDA:446,367,21,-
BRDA:451,368,23,-
BRDA:452,370,27,-
BRDA:452,370,28,-
BRDA:452,371,30,-
BRDA:457,374,7,-
BRDA:457,374,8,-
BRDA:458,375,10,-
BRDA:459,377,12,-
BRDA:461,378,16,-
BRDA:461,378,34,-
BRDA:462,379,26,-
BRDA:462,379,27,-
BRDA:463,380,29,-
BRDA:464,382,12,-
BRDA:470,384,4,-
BRDA:474,385,8,-
BRDA:474,385,17,-
BRDA:474,386,9,-
BRDA:475,387,4,-
BRDA:479,388,21,-
BRDA:479,388,36,-
BRDA:480,389,28,-
BRDA:480,389,29,-
BRDA:480,390,31,-
BRDA:481,392,17,-
BRDA:487,394,7,-
BRDA:487,394,8,-
BRDA:488,395,10,-
BRDA:489,397,18,-
BRDA:489,397,19,-
BRDA:490,398,21,-
BRDA:491,400,29,-
BRDA:491,400,30,-
BRDA:492,401,32,-
BRDA:493,403,44,-
BRDA:493,403,45,-
BRDA:495,404,47,-
BRDA:496,406,55,-
BRDA:496,406,56,-
BRDA:497,407,58,-
BRDA:525,411,10,-
BRDA:525,411,11,-
BRDA:527,412,13,-
BRDA:529,414,23,-
BRDA:529,414,24,-
BRDA:531,415,26,-
BRDA:533,417,36,-
BRDA:533,417,37,-
BRDA:535,418,39,-
BRDA:537,420,49,-
BRDA:537,420,50,-
BRDA:539,421,52,-
BRDA:544,424,10,-
BRDA:544,424,11,-
BRDA:546,425,13,-
BRDA:548,427,21,-
BRDA:548,427,22,-
BRDA:549,428,24,-
BRDA:561,432,4,-
BRDA:566,433,8,-
BRDA:566,433,17,-
BRDA:566,434,9,-
BRDA:567,435,4,-
BRDA:575,437,4,-
BRDA:580,438,8,-
BRDA:580,438,17,-
BRDA:580,439,9,-
BRDA:581,440,4,-
BRDA:588,442,8,-
BRDA:588,442,9,-
BRDA:588,443,11,-
BRDA:589,445,17,-
BRDA:589,445,18,-
BRDA:589,446,20,-
BRDA:591,448,28,-
BRDA:591,448,29,-
BRDA:591,449,31,-
BRDA:592,451,37,-
BRDA:592,451,38,-
BRDA:592,452,40,-
BRDA:599,455,13,-
BRDA:599,455,20,-
BRDA:177,457,33,-
BRDA:90,458,37,-
BRDA:90,458,51,-
BRDA:91,459,33,-
BRDA:177,460,57,-
BRDA:177,460,58,-
BRDA:603,461,60,-
BRDA:605,463,69,-
BRDA:90,464,73,-
BRDA:90,464,83,-
BRDA:91,465,69,-
BRDA:177,466,94,-
BRDA:90,467,98,-
BRDA:90,467,108,-
BRDA:91,468,94,-
BRDA:611,470,15,-
BRDA:90,471,19,-
BRDA:90,471,37,-
BRDA:91,472,28,-
BRDA:91,472,32,-
BRDA:254,473,32,-
BRDA:92,474,15,-
BRDA:112,475,43,-
BRDA:112,475,44,-
BRDA:611,476,46,-
BRDA:612,478,61,-
BRDA:90,479,65,-
BRDA:90,479,83,-
BRDA:91,480,74,-
BRDA:91,480,78,-
BRDA:254,481,78,-
BRDA:92,482,61,-
BRDA:112,483,89,-
BRDA:112,483,90,-
BRDA:612,484,92,-
BRDA:613,486,107,-
BRDA:90,487,111,-
BRDA:90,487,131,-
BRDA:91,488,122,-
BRDA:91,488,126,-
BRDA:254,489,126,-
BRDA:92,490,107,-
BRDA:112,491,142,-
BRDA:112,491,143,-
BRDA:613,492,145,-
BRDA:166,495,4,-
BRDA:90,496,8,-
BRDA:90,496,22,-
BRDA:91,497,4,-
BRDA:169,498,26,-
BRDA:169,498,27,-
BRDA:619,499,29,-
BRDA:166,501,33,-
BRDA:90,502,37,-
BRDA:90,502,55,-
BRDA:91,503,33,-
BRDA:169,504,59,-
BRDA:169,504,60,-
BRDA:622,505,62,-
BRDA:166,507,66,-
BRDA:90,508,70,-
BRDA:90,508,84,-
BRDA:91,509,66,-
BRDA:169,510,88,-
BRDA:169,510,89,-
BRDA:625,511,91,-
BRDA:630,514,15,-
BRDA:630,514,22,-
BRDA:186,516,39,-
BRDA:186,516,49,-
BRDA:112,518,67,-
BRDA:112,518,77,-
BRDA:112,520,92,-
BRDA:90,521,96,-
BRDA:90,521,110,-
BRDA:91,522,92,-
BRDA:186,523,116,-
BRDA:186,523,117,-
BRDA:636,524,119,-
BRDA:638,526,132,-
BRDA:90,527,136,-
BRDA:90,527,150,-
BRDA:91,528,132,-
BRDA:186,529,156,-
BRDA:186,529,157,-
BRDA:640,530,159,-
BRDA:642,532,172,-
BRDA:90,533,176,-
BRDA:90,533,192,-
BRDA:91,534,172,-
BRDA:112,535,198,-
BRDA:112,535,199,-
BRDA:644,536,201,-
BRDA:646,538,213,-
BRDA:90,539,217,-
BRDA:90,539,234,-
BRDA:91,540,213,-
BRDA:112,541,240,-
BRDA:112,541,241,-
BRDA:648,542,243,-
BRDA:650,544,254,-
BRDA:90,545,258,-
BRDA:90,545,268,-
BRDA:91,546,254,-
BRDA:186,547,281,-
BRDA:90,548,285,-
BRDA:90,548,295,-
BRDA:91,549,281,-
BRDA:186,550,308,-
BRDA:90,551,312,-
BRDA:90,551,324,-
BRDA:91,552,308,-
BRDA:112,553,337,-
BRDA:90,554,341,-
BRDA:90,554,352,-
BRDA:91,555,337,-
BRDA:112,556,366,-
BRDA:90,557,370,-
BRDA:90,557,382,-
BRDA:91,558,366,-
BRDA:112,559,396,-
BRDA:90,560,400,-
BRDA:90,560,411,-
BRDA:91,561,396,-
BRDA:206,563,13,-
BRDA:90,564,17,-
BRDA:90,564,36,-
BRDA:91,565,13,-
BRDA:186,566,42,-
BRDA:186,566,43,-
BRDA:663,567,45,-
BRDA:206,569,58,-
BRDA:90,570,62,-
BRDA:90,570,81,-
BRDA:91,571,58,-
BRDA:186,572,87,-
BRDA:186,572,88,-
BRDA:666,573,90,-
BRDA:668,575,105,-
BRDA:90,576,109,-
BRDA:90,576,130,-
BRDA:91,577,105,-
BRDA:112,578,136,-
BRDA:112,578,137,-
BRDA:669,579,139,-
BRDA:224,582,13,-
BRDA:90,583,17,-
BRDA:90,583,37,-
BRDA:91,584,29,-
BRDA:91,584,32,-
BRDA:225,585,32,-
BRDA:92,586,13,-
BRDA:186,587,43,-
BRDA:186,587,44,-
BRDA:675,588,46,-
BRDA:224,590,59,-
BRDA:90,591,63,-
BRDA:90,591,83,-
BRDA:91,592,75,-
BRDA:91,592,78,-
BRDA:225,593,78,-
BRDA:92,594,59,-
BRDA:186,595,89,-
BRDA:186,595,90,-
BRDA:678,596,92,-
BRDA:234,599,15,-
BRDA:90,600,19,-
BRDA:90,600,43,-
BRDA:91,601,31,-
BRDA:91,601,35,-
BRDA:236,602,38,-
BRDA:236,603,38,-
BRDA:92,604,15,-
BRDA:186,605,51,-
BRDA:186,605,52,-
BRDA:685,606,54,-
BRDA:686,608,58,-
BRDA:686,608,59,-
BRDA:686,609,61,-
BRDA:234,611,76,-
BRDA:90,612,80,-
BRDA:90,612,104,-
BRDA:91,613,92,-
BRDA:91,613,96,-
BRDA:236,614,99,-
BRDA:236,615,99,-
BRDA:92,616,76,-
BRDA:186,617,112,-
BRDA:186,617,113,-
BRDA:690,618,115,-
BRDA:691,620,119,-
BRDA:691,620,120,-
BRDA:691,621,122,-
BRDA:696,624,11,-
BRDA:90,625,15,-
BRDA:90,625,35,-
BRDA:91,626,24,-
BRDA:91,626,30,-
BRDA:245,627,39,-
BRDA:92,628,11,-
BRDA:112,629,39,-
BRDA:244,630,44,-
BRDA:244,630,45,-
BRDA:697,631,47,-
BRDA:698,633,60,-
BRDA:698,633,72,-
BRDA:91,634,76,-
BRDA:112,635,76,-
BRDA:244,636,81,-
BRDA:244,636,82,-
BRDA:698,637,84,-
BRDA:700,639,95,-
BRDA:90,640,99,-
BRDA:90,640,119,-
BRDA:91,641,108,-
BRDA:91,641,114,-
BRDA:245,642,123,-
BRDA:92,643,95,-
BRDA:112,644,123,-
BRDA:244,645,128,-
BRDA:244,645,129,-
BRDA:701,646,131,-
BRDA:702,648,140,-
BRDA:90,649,144,-
BRDA:90,649,164,-
BRDA:91,650,153,-
BRDA:91,650,159,-
BRDA:245,651,168,-
BRDA:92,652,140,-
BRDA:112,653,168,-
BRDA:244,654,173,-
BRDA:244,654,174,-
BRDA:702,655,176,-
BRDA:704,657,191,-
BRDA:90,658,195,-
BRDA:90,658,219,-
BRDA:91,659,208,-
BRDA:91,659,214,-
BRDA:245,660,223,-
BRDA:92,661,191,-
BRDA:112,662,223,-
BRDA:244,663,230,-
BRDA:244,663,231,-
BRDA:706,664,233,-
BRDA:707,666,245,-
BRDA:707,666,246,-
BRDA:707,667,248,-
BRDA:713,670,13,-
BRDA:90,671,17,-
BRDA:90,671,35,-
BRDA:91,672,13,-
BRDA:186,673,41,-
BRDA:186,673,42,-
BRDA:713,674,44,-
BRDA:716,676,57,-
BRDA:90,677,61,-
BRDA:90,677,79,-
BRDA:91,678,57,-
BRDA:186,679,85,-
BRDA:186,679,86,-
BRDA:716,680,88,-
BRDA:721,683,6,-
BRDA:721,683,7,-
BRDA:721,684,9,-
BRDA:722,686,15,-
BRDA:722,686,16,-
BRDA:722,687,18,-
BRDA:723,689,23,-
BRDA:723,689,24,-
BRDA:723,690,26,-
BRDA:724,692,31,-
BRDA:724,692,32,-
BRDA:724,693,34,-
BRDA:725,695,39,-
BRDA:725,695,40,-
BRDA:725,696,42,-
BRDA:726,698,47,-
BRDA:726,698,48,-
BRDA:726,699,50,-
BRDA:731,702,11,-
BRDA:90,703,15,-
BRDA:90,703,34,-
BRDA:91,704,24,-
BRDA:91,704,29,-
BRDA:279,705,38,-
BRDA:92,706,11,-
BRDA:112,707,38,-
BRDA:278,708,42,-
BRDA:278,708,43,-
BRDA:731,709,45,-
BRDA:732,711,56,-
BRDA:90,712,60,-
BRDA:90,712,80,-
BRDA:91,713,70,-
BRDA:91,713,75,-
BRDA:289,714,84,-
BRDA:92,715,56,-
BRDA:112,716,84,-
BRDA:288,717,88,-
BRDA:288,717,89,-
BRDA:732,718,91,-
BRDA:733,720,102,-
BRDA:90,721,106,-
BRDA:90,721,125,-
BRDA:91,722,115,-
BRDA:91,722,120,-
BRDA:279,723,129,-
BRDA:92,724,102,-
BRDA:112,725,129,-
BRDA:278,726,131,-
BRDA:278,726,132,-
BRDA:733,727,134,-
BRDA:734,729,145,-
BRDA:90,730,149,-
BRDA:90,730,168,-
BRDA:91,731,158,-
BRDA:91,731,163,-
BRDA:279,732,172,-
BRDA:92,733,145,-
BRDA:112,734,172,-
BRDA:278,735,175,-
BRDA:278,735,176,-
BRDA:734,736,178,-
BRDA:735,738,189,-
BRDA:90,739,193,-
BRDA:90,739,213,-
BRDA:91,740,203,-
BRDA:91,740,208,-
BRDA:289,741,217,-
BRDA:92,742,189,-
BRDA:112,743,217,-
BRDA:288,744,219,-
BRDA:288,744,220,-
BRDA:735,745,222,-
BRDA:736,747,233,-
BRDA:90,748,237,-
BRDA:90,748,257,-
BRDA:91,749,247,-
BRDA:91,749,252,-
BRDA:289,750,261,-
BRDA:92,751,233,-
BRDA:112,752,261,-
BRDA:288,753,264,-
BRDA:288,753,265,-
BRDA:736,754,267,-
BRDA:743,757,14,-
BRDA:743,757,15,-
BRDA:306,758,17,-
BRDA:307,760,28,-
BRDA:90,761,32,-
BRDA:90,761,50,-
BRDA:91,762,28,-
BRDA:751,764,14,-
BRDA:751,764,15,-
BRDA:306,765,17,-
BRDA:307,767,28,-
BRDA:90,768,32,-
BRDA:90,768,50,-
BRDA:91,769,28,-
BRDA:186,770,58,-
BRDA:186,770,59,-
BRDA:753,771,61,-
BRDA:755,773,73,-
BRDA:755,773,74,-
BRDA:306,774,76,-
BRDA:307,776,87,-
BRDA:90,777,91,-
BRDA:90,777,108,-
BRDA:91,778,87,-
BRDA:186,779,124,-
BRDA:186,779,125,-
BRDA:306,780,127,-
BRDA:307,782,138,-
BRDA:90,783,142,-
BRDA:90,783,155,-
BRDA:91,784,138,-
BRDA:761,786,20,-
BRDA:761,786,21,-
BRDA:306,787,23,-
BRDA:307,789,34,-
BRDA:90,790,38,-
BRDA:90,790,57,-
BRDA:91,791,34,-
BRDA:774,793,12,-
BRDA:774,793,13,-
BRDA:322,794,15,-
BRDA:323,796,24,-
BRDA:90,797,28,-
BRDA:90,797,46,-
BRDA:91,798,24,-
BRDA:782,800,12,-
BRDA:782,800,13,-
BRDA:322,801,15,-
BRDA:323,803,24,-
BRDA:90,804,28,-
BRDA:90,804,46,-
BRDA:91,805,24,-
BRDA:177,806,52,-
BRDA:177,806,53,-
BRDA:784,807,55,-
BRDA:786,809,65,-
BRDA:786,809,66,-
BRDA:322,810,68,-
BRDA:323,812,77,-
BRDA:90,813,81,-
BRDA:90,813,98,-
BRDA:91,814,77,-
BRDA:177,815,110,-
BRDA:177,815,111,-
BRDA:322,816,113,-
BRDA:323,818,122,-
BRDA:90,819,126,-
BRDA:90,819,139,-
BRDA:91,820,122,-
BRDA:792,822,18,-
BRDA:792,822,19,-
BRDA:338,823,25,-
BRDA:339,825,31,-
BRDA:90,826,35,-
BRDA:90,826,57,-
BRDA:91,827,31,-
BRDA:800,829,18,-
BRDA:800,829,19,-
BRDA:338,830,25,-
BRDA:339,832,31,-
BRDA:90,833,35,-
BRDA:90,833,57,-
BRDA:91,834,31,-
BRDA:112,835,65,-
BRDA:112,835,66,-
BRDA:804,836,68,-
BRDA:806,838,80,-
BRDA:806,838,81,-
BRDA:338,839,87,-
BRDA:339,841,93,-
BRDA:90,842,97,-
BRDA:90,842,118,-
BRDA:91,843,93,-
BRDA:112,844,134,-
BRDA:112,844,135,-
BRDA:338,845,141,-
BRDA:339,847,147,-
BRDA:90,848,151,-
BRDA:90,848,166,-
BRDA:91,849,147,-
BRDA:812,851,18,-
BRDA:812,851,19,-
BRDA:354,852,25,-
BRDA:355,854,31,-
BRDA:90,855,35,-
BRDA:90,855,60,-
BRDA:91,856,31,-
BRDA:823,858,18,-
BRDA:823,858,19,-
BRDA:354,859,25,-
BRDA:355,861,31,-
BRDA:90,862,35,-
BRDA:90,862,60,-
BRDA:91,863,31,-
BRDA:112,864,68,-
BRDA:112,864,69,-
BRDA:830,865,71,-
BRDA:831,867,75,-
BRDA:831,867,76,-
BRDA:831,868,78,-
BRDA:833,870,92,-
BRDA:833,870,93,-
BRDA:354,871,99,-
BRDA:355,873,105,-
BRDA:90,874,109,-
BRDA:90,874,130,-
BRDA:91,875,105,-
BRDA:112,876,148,-
BRDA:112,876,149,-
BRDA:354,877,155,-
BRDA:355,879,161,-
BRDA:90,880,165,-
BRDA:90,880,180,-
BRDA:91,881,161,-
BRDA:367,883,14,-
BRDA:367,883,15,-
BRDA:306,884,17,-
BRDA:307,886,28,-
BRDA:90,887,32,-
BRDA:90,887,58,-
BRDA:91,888,28,-
BRDA:186,889,66,-
BRDA:186,889,67,-
BRDA:841,890,69,-
BRDA:846,893,20,-
BRDA:846,893,21,-
BRDA:338,894,27,-
BRDA:339,896,33,-
BRDA:90,897,37,-
BRDA:90,897,67,-
BRDA:91,898,33,-
BRDA:112,899,75,-
BRDA:112,899,76,-
BRDA:848,900,78,-
end_of_record
SF:/Users/timothyzakian/sui/main/external-crates/move/crates/move-stdlib/tests/type_name_tests.move
FNF:11
FNH:0
LF:68
LH:0
BRF:105
BRH:0
FN:71,test_generics
FN:95,test_get_address
FN:115,test_get_address_aborts_with_primitive
FN:125,test_get_address_aborts_with_primitive_generic
FN:108,test_get_module
FN:120,test_get_module_aborts_with_primitive
FN:130,test_get_module_aborts_with_primitive_generic
FN:39,test_is_primitive
FN:85,test_multi_generics
FN:23,test_primitive_types
FN:54,test_structs
BRDA:23,0,6,-
BRDA:23,0,7,-
BRDA:23,1,9,-
BRDA:24,3,15,-
BRDA:24,3,16,-
BRDA:24,4,18,-
BRDA:25,6,24,-
BRDA:25,6,25,-
BRDA:25,7,27,-
BRDA:26,9,33,-
BRDA:26,9,34,-
BRDA:26,10,36,-
BRDA:27,12,42,-
BRDA:27,12,43,-
BRDA:27,13,45,-
BRDA:28,15,51,-
BRDA:28,15,52,-
BRDA:28,16,54,-
BRDA:29,18,60,-
BRDA:29,18,61,-
BRDA:29,19,63,-
BRDA:30,21,69,-
BRDA:30,21,70,-
BRDA:30,22,72,-
BRDA:31,24,78,-
BRDA:31,24,79,-
BRDA:31,25,81,-
BRDA:33,27,87,-
BRDA:33,27,88,-
BRDA:32,28,90,-
BRDA:39,31,5,-
BRDA:39,31,6,-
BRDA:39,32,8,-
BRDA:40,34,13,-
BRDA:40,34,14,-
BRDA:40,35,16,-
BRDA:41,37,21,-
BRDA:41,37,22,-
BRDA:41,38,24,-
BRDA:42,40,29,-
BRDA:42,40,30,-
BRDA:42,41,32,-
BRDA:43,43,37,-
BRDA:43,43,38,-
BRDA:43,44,40,-
BRDA:44,46,45,-
BRDA:44,46,46,-
BRDA:44,47,48,-
BRDA:45,49,53,-
BRDA:45,49,54,-
BRDA:45,50,56,-
BRDA:46,52,61,-
BRDA:46,52,62,-
BRDA:46,53,64,-
BRDA:47,55,69,-
BRDA:47,55,70,-
BRDA:47,56,72,-
BRDA:48,58,77,-
BRDA:48,58,78,-
BRDA:48,59,80,-
BRDA:55,62,6,-
BRDA:55,62,7,-
BRDA:54,63,9,-
BRDA:58,65,15,-
BRDA:58,65,16,-
BRDA:57,66,18,-
BRDA:61,68,24,-
BRDA:61,68,25,-
BRDA:60,69,27,-
BRDA:64,71,33,-
BRDA:64,71,34,-
BRDA:63,72,36,-
BRDA:72,75,6,-
BRDA:72,75,7,-
BRDA:71,76,9,-
BRDA:75,78,15,-
BRDA:75,78,16,-
BRDA:74,79,18,-
BRDA:78,81,24,-
BRDA:78,81,25,-
BRDA:77,82,27,-
BRDA:86,85,6,-
BRDA:86,85,7,-
BRDA:85,86,9,-
BRDA:89,88,15,-
BRDA:89,88,16,-
BRDA:88,89,18,-
BRDA:96,92,8,-
BRDA:96,92,9,-
BRDA:95,93,11,-
BRDA:99,95,19,-
BRDA:99,95,20,-
BRDA:98,96,22,-
BRDA:102,98,30,-
BRDA:102,98,31,-
BRDA:101,99,33,-
BRDA:108,102,8,-
BRDA:108,102,9,-
BRDA:108,103,11,-
BRDA:109,105,19,-
BRDA:109,105,20,-
BRDA:109,106,22,-
BRDA:110,108,30,-
BRDA:110,108,31,-
BRDA:110,109,33,-
end_of_record
